
============================================================
📊 Application Usage Report
   Generated: 2026-04-04 05:49:31 UTC
   Period: March – April 2026
============================================================

👥 Loading users...

────────────────────────────────────────────────────────────
1️⃣  USERS CREATED IN MARCH–APRIL 2026
────────────────────────────────────────────────────────────
   Total users in system: 127
   Created in March–April: 3

   • Oscar Fabián  Cante Barbosa  (oscar.cante2319@gmail.com) — 2026-03-25
   • Gustavo Julio (gustavo.09julio@gmail.com) — 2026-03-30
   • Daniel Hoyos (danielhoyyos@gmail.com) — 2026-03-27

────────────────────────────────────────────────────────────
2️⃣  USERS WITH CALENDAR EVENT PARTICIPATION
────────────────────────────────────────────────────────────
📅 Loading calendar events...
   Total calendar events:         73
   Events with participants:      73
   Unique users who participated: 84

   • Abdulh Daza (ID: 84e403f3-1bc9-48c7-97d1-404936464d58)
   • Adrian Villalba (ID: 3e8e8fd4-ffcf-4be7-9491-63388978d50d)
   • Alejandro Archila (ID: eb839507-ebf2-4127-8b09-fa9d63a59be5)
   • Alejandro Sandoval (ID: 7395b3da-52c0-4213-80e6-7fb34e66bd80)
   • Ana María  Piraján (ID: 3ef577ce-fa47-4f07-b3df-7375e9472dde)
   • Ana Sofia  Paredes (ID: c3e3a860-b45f-4218-b351-3dd2575c2d32)
   • Andres  Diaz (ID: 2203eae8-a5c2-4068-996a-59612b7683d5)
   • Andres Barreto (ID: 98efe154-8204-490d-9309-a8a878a260bf)
   • Andres Camacho (ID: d59a221d-1dd8-4fd7-8c66-8cbe36c2b020)
   • Andres Felipe Cortes Salazar (ID: 8076fa10-fcd3-4d09-bc13-2a71dc2734c9)
   • Andres Felipe Guevara Rubio (ID: e0487eba-59af-4090-afe4-36a10938aaf0)
   • Andres cuesta (ID: c61f11ec-f2fc-4e58-92b4-5b4a04e629c6)
   • Andrés Felipe  Cuadrado Torres (ID: 70bde4c6-92ce-4be8-980f-e834d6a372c5)
   • Brayan Santana Alvarado (ID: c1688adb-03b9-416c-895a-ae3d63a79352)
   • Camila Chiquiza (ID: c6362a3d-18b2-457e-b6f9-8781e1ab6ec2)
   • Camilo Arango (ID: 003e17e6-d9c2-4334-9d85-5863c2fe7651)
   • Camilo Arbey Cuadros Mendez (ID: 15f658c1-8977-4948-b9e7-e25eee61bca0)
   • Camilo Caro (ID: 41e6fc61-155a-40f8-a256-ca36a1d27883)
   • Carlos Castellanos (ID: 9e5dcd97-5ac9-48ae-a27e-2be7ad31fbe9)
   • Carlos Godoy (ID: f648ecd7-b4ac-414a-8149-6987b5345a8e)
   • Carmiña Alemán Martínez  (ID: 42395f00-a919-4a75-b634-ac23598f838d)
   • Cristian Camilo Reina Orozco (ID: e110010f-c7fb-4b16-ad54-f44026aed9f9)
   • Cristian Gomez (ID: 234a633b-01fd-46af-9673-19cdd15fe09a)
   • Cristian Lozano (ID: 5f8980f9-3992-4703-a8f8-0b84067c5e36)
   • Cristian Medina  (ID: f89f702a-c52a-4b4a-a9ad-e3840ee7615c)
   • Cristina Perez (ID: e74e5ed8-5a10-409e-80cd-ed0ce73e4480)
   • Daniel Felipe  Mejia Quiroga  (ID: d6c3dc9f-17c9-4e02-8b86-d61633df4141)
   • Daniel Rodriguez (ID: efbfa089-818f-4d05-a99a-be2cf2188dce)
   • Diego Fernando  Diaz Alonso  (ID: 575ef41b-14e5-4802-a0d6-4ec16e6f3fd3)
   • Diego Ortiz (ID: 60e78a86-9400-4103-adb0-3b03c3d41532)
   • Dina Noemi Ruiz Barrera (ID: d2f6848b-6edb-4af1-9ff2-4cf96771a369)
   • Felipe Morales (ID: abd46283-d99a-447b-ab02-e4c3b405f313)
   • Isabella Palacio (ID: 044a2fb1-5d00-4f1b-83dd-8059f3250889)
   • Javier Aguirre (ID: 400cdc15-1e5f-4753-866d-1ce89d6092fd)
   • Jesus Oñate (ID: 8efc451e-6535-4db6-9340-16a2c4a3c848)
   • Jesús Barragán (ID: c14fc89d-aab7-4b81-958c-3dd7dd35b8ac)
   • Jonathan Mindiola (ID: 8be45b5e-2a3a-4640-97fb-f8613e86c44f)
   • Jorge Corredor (ID: 3b1b6f5d-ec31-4751-9a5e-9b49e1c052e1)
   • Juan David Rodriguez (ID: d6703ac9-2504-4193-b851-e5d2e521a621)
   • Juan Diego Munevar Robles (ID: a13f378e-8ea1-4294-8d5a-04dce1a315ca)
   • Juan Granados (ID: a294af97-a927-4a06-af6e-033def4bed7a)
   • Juan Pablo Obando (ID: 384a875d-0430-4eae-ae2a-ea2db7db8e79)
   • Juan Quilaguy (ID: c37c3b4f-5bc2-47b5-b905-a44b5a569fa0)
   • Juana Remolina (ID: a10ff0c4-f469-4f7e-ba54-7cf64b2ffca8)
   • Julio Mejia (ID: 62b21df2-17eb-410a-a25e-e47c2a9d4e15)
   • Julián David  Iriarte Perdigon  (ID: 8d4a751b-0867-4718-a30c-16bb7315e2bc)
   • Karen Chaves (ID: 5fda081b-23dc-41f3-b49c-60e8ded410a7)
   • Karen Sofia Pedraza  (ID: d72df844-0a53-48cd-b4a8-3fb3f3127cd8)
   • LAURENT ANDRES CORREDOR MONROY (ID: ffb085cb-1423-4162-97d6-1296245e6afe)
   • Laura Donoso (ID: 5d0ec2fc-7d8f-4fdb-b963-f114a64b7a60)
   • Laura Rojas (ID: 2182138c-9d7e-423b-84a3-f9fc38f144d8)
   • Laura Suarez (ID: 25b81b0f-9202-4556-bc4b-e79c8bbd9d0c)
   • Leonardo Triviño Montenegro (ID: 83c5f865-bade-453d-8137-e14642e0e81f)
   • Luis Felipe Correa (ID: 2519bbba-4000-42af-9143-be8298d5b94e)
   • Luis Garcia (ID: b249a0fc-e126-4516-a624-ebf5be8de424)
   • Luisa Pineda (ID: b24bd02c-a05e-4227-9860-77415d33c48b)
   • Maria Camila Rivera  (ID: f0942eb1-8f16-4bcb-9278-dfc45aa4be3e)
   • Martin Elias Samudio Montes (ID: 11b8c2a8-b496-42c1-9ff7-be04e1fae27e)
   • María Paula  Montenegro (ID: 37b3f2a3-8dbc-4399-9ae1-2793c1998d44)
   • Mateo Medrano (ID: 1c0577a3-6de5-44a3-8347-697e988be10e)
   • Miguel Chivata (ID: 6f445936-6248-46a3-9c6b-ffac3a2c68a9)
   • Nicolas Gomez (ID: 390260c9-611d-4df7-b401-b9dba086ff6f)
   • Nicolás Esteban Rueda Obando (ID: 984b7ae0-e271-44f2-b3f1-f9e37b58b6a9)
   • Oscar  Aguilar (ID: c383fee0-3897-4869-998c-aae986a732d9)
   • Paula Andrea Sierra (ID: e9f077e6-6742-4c34-9064-40a88e35784b)
   • Pedro Duarte (ID: 1c9f1fd3-2766-413a-9478-480d727d8553)
   • Pedro Morales Orozco (ID: 657c0a0f-b8d1-4be6-9ed9-92a6ac4430b3)
   • Santiago Amortegui (ID: 34e8c257-d8b9-4db7-835f-d7b6d0b633df)
   • Santiago Cubillos Prada (ID: 76df31de-5e5b-4a03-8c9f-37405cb12161)
   • Santiago Gonzalez (ID: 8c826918-69e4-4b16-822f-d225d8d7231d)
   • Santiago Lozano (ID: ae6d5346-6c5b-4613-86f1-9c26a74f6a76)
   • Sergio Andrés  Tello Arias  (ID: 2c80b4a8-3614-4f06-93ce-e125145bcce6)
   • Sergio Senestrari  (ID: 20b7c8ce-432f-4fec-b6b9-88fb6f4cd13f)
   • Sharon Contreras (ID: f453ec6e-7939-4bca-93c5-556638c15767)
   • Valentina Bello (ID: a29dad38-ed19-47d6-ace3-c84c1f2435d7)
   • Valentina Pico (ID: 0496851e-9a6c-4e3d-90f8-34b8bfb15896)
   • Valerie Llanos (ID: 57f4c72d-f879-48d3-9b3a-a7b0f04be7b0)
   • Veronica Paz (ID: 8394f489-07d3-41e7-ad9c-5301d3656b19)
   • Victor Cespedes (ID: 8a63bb91-5268-40f7-b940-b049a45207d5)
   • William Cabrera  (ID: 41959332-3e10-46c9-845f-c55bd330f64b)
   • William Guillermo Rivera Báez (ID: f7ea474a-aac5-4dc1-8dc8-aa66d8813c31)
   • Ximena  Parra Cristancho  (ID: 4992f290-68de-4405-ac73-07c18dd4ce5d)
   • Yazmin Acuña (ID: 1842894e-a508-4753-98f2-e1f814132e9d)
   • Yazmin Acuña (ID: 0d98c583-e6bc-4dc2-bc8e-6435d1f1e6fb)

────────────────────────────────────────────────────────────
3️⃣  USERS WITH PAYMENT REQUESTS (MARCH–APRIL 2026)
────────────────────────────────────────────────────────────
💰 Loading payment requests...
   Total payment requests:                88
   Unique users with payment requests:    70

   • Andrés Felipe  Cuadrado Torres — 4 requests
   • Alejandro Archila — 3 requests
   • Andres cuesta — 2 requests
   • William Cabrera  — 2 requests
   • Cristian Medina  — 2 requests
   • Diego Ortiz — 2 requests
   • Laurent Andres Corredor Monroy — 2 requests
   • Alejandro Sandoval — 2 requests
   • Jonathan Mindiola — 2 requests
   • Valentina Pico — 2 requests
   • Nicolas Gomez — 2 requests
   • Cristian Camilo Reina Orozco — 2 requests
   • Camilo Arango — 2 requests
   • Pedro Morales Orozco — 2 requests
   • Felipe Morales — 2 requests
   • William Guillermo Rivera Báez — 1 request
   • Karen Sofia Pedraza  — 1 request
   • Juana Remolina — 1 request
   • Luis Felipe  Correa  — 1 request
   • Dina Noemi Ruiz Barrera — 1 request
   • Camila Chiquiza — 1 request
   • Santiago Lozano — 1 request
   • Laura Rojas — 1 request
   • Laura Donoso — 1 request
   • Andres Felipe Guevara Rubio — 1 request
   • Pedro  Duarte — 1 request
   • Abdulh Daza — 1 request
   • Oscar Fabián  Cante Barbosa  — 1 request
   • Carlos Castellanos — 1 request
   • Jesus Oñate — 1 request
   • Diego Herrera — 1 request
   • Ximena  Parra Cristancho  — 1 request
   • Oscar  Aguilar — 1 request
   • Andres Felipe Cortes Salazar — 1 request
   • Javier Aguirre — 1 request
   • Juan Quilaguy — 1 request
   • Jesús Barragán — 1 request
   • Daniel Hoyos — 1 request
   • Jorge Corredor — 1 request
   • Andres Camacho — 1 request
   • Valentina Bello — 1 request
   • Cristian Gomez — 1 request
   • Luisa Pineda — 1 request
   • Adrian Villalba — 1 request
   • Santiago  Amortegui — 1 request
   • Camilo Caro — 1 request
   • Juan Diego Munevar Robles — 1 request
   • Carmiña Alemán — 1 request
   • Valerie Llanos — 1 request
   • Andres  Diaz — 1 request
   • Daniel Felipe  Mejia Quiroga  — 1 request
   • Juan Granados — 1 request
   • Mateo Medrano — 1 request
   • Cristina Perez — 1 request
   • Miguel Chivata — 1 request
   • Carlos  Godoy  — 1 request
   • Veronica Paz — 1 request
   • Ana Sofia  Paredes — 1 request
   • Laura Suarez — 1 request
   • Karen Chaves — 1 request
   • Brayan  Santana Alvarado  — 1 request
   • Isabella Palacio — 1 request
   • Martin Elias Samudio Montes — 1 request
   • Sharon  Contreras  — 1 request
   • Cristian Lozano — 1 request
   • María Paula  Montenegro — 1 request
   • Santiago Cubillos Prada — 1 request
   • Leonardo Triviño Montenegro — 1 request
   • Nicolás Esteban Rueda Obando — 1 request
   • Paula Andrea Sierra — 1 request

────────────────────────────────────────────────────────────
4️⃣  UNION: USERS WITH EVENTS OR PAYMENT REQUESTS
────────────────────────────────────────────────────────────
   Users with event participation only:   17
   Users with payment requests only:      3
   Users with both:                       67
   Total unique users (union):            87

   • 0d98c583-e6bc-4dc2-bc8e-6435d1f1e6fb — events
   • Abdulh Daza — events, payments
   • Adrian Villalba — events, payments
   • Alejandro Archila — events, payments
   • Alejandro Sandoval — events, payments
   • Ana María  Piraján — events
   • Ana Sofia  Paredes — events, payments
   • Andres  Diaz — events, payments
   • Andres Barreto — events
   • Andres Camacho — events, payments
   • Andres Felipe Cortes Salazar — events, payments
   • Andres Felipe Guevara Rubio — events, payments
   • Andres cuesta — events, payments
   • Andrés Felipe  Cuadrado Torres — events, payments
   • Brayan  Santana Alvarado  — events, payments
   • Camila Chiquiza — events, payments
   • Camilo Arango — events, payments
   • Camilo Arbey Cuadros Mendez — events
   • Camilo Caro — events, payments
   • Carlos  Godoy  — events, payments
   • Carlos Castellanos — events, payments
   • Carmiña Alemán — events, payments
   • Cristian Camilo Reina Orozco — events, payments
   • Cristian Gomez — events, payments
   • Cristian Lozano — events, payments
   • Cristian Medina  — events, payments
   • Cristina Perez — events, payments
   • Daniel Felipe  Mejia Quiroga  — events, payments
   • Daniel Hoyos — payments
   • Daniel Rodriguez — events
   • Diego Fernando  Diaz Alonso  — events
   • Diego Herrera — payments
   • Diego Ortiz — events, payments
   • Dina Noemi Ruiz Barrera — events, payments
   • Felipe Morales — events, payments
   • Isabella Palacio — events, payments
   • Javier Aguirre — events, payments
   • Jesus Oñate — events, payments
   • Jesús Barragán — events, payments
   • Jonathan Mindiola — events, payments
   • Jorge Corredor — events, payments
   • Juan David Rodriguez — events
   • Juan Diego Munevar Robles — events, payments
   • Juan Granados — events, payments
   • Juan Pablo  Obando  — events
   • Juan Quilaguy — events, payments
   • Juana Remolina — events, payments
   • Julio Mejia — events
   • Julián David  Iriarte Perdigon  — events
   • Karen Chaves — events, payments
   • Karen Sofia Pedraza  — events, payments
   • Laura Donoso — events, payments
   • Laura Rojas — events, payments
   • Laura Suarez — events, payments
   • Laurent Andres Corredor Monroy — events, payments
   • Leonardo Triviño Montenegro — events, payments
   • Luis Felipe  Correa  — events, payments
   • Luis Garcia — events
   • Luisa Pineda — events, payments
   • Maria Camila Rivera  — events
   • Martin Elias Samudio Montes — events, payments
   • María Paula  Montenegro — events, payments
   • Mateo Medrano — events, payments
   • Miguel Chivata — events, payments
   • Nicolas Gomez — events, payments
   • Nicolás Esteban Rueda Obando — events, payments
   • Oscar  Aguilar — events, payments
   • Oscar Fabián  Cante Barbosa  — payments
   • Paula Andrea Sierra — events, payments
   • Pedro  Duarte — events, payments
   • Pedro Morales Orozco — events, payments
   • Santiago  Amortegui — events, payments
   • Santiago Cubillos Prada — events, payments
   • Santiago Gonzalez — events
   • Santiago Lozano — events, payments
   • Sergio Andrés  Tello Arias  — events
   • Sergio Senestrari  — events
   • Sharon  Contreras  — events, payments
   • Valentina Bello — events, payments
   • Valentina Pico — events, payments
   • Valerie Llanos — events, payments
   • Veronica Paz — events, payments
   • Victor Cespedes — events
   • William Cabrera  — events, payments
   • William Guillermo Rivera Báez — events, payments
   • Ximena  Parra Cristancho  — events, payments
   • Yazmin Acuña — events

============================================================
📋 SUMMARY
============================================================
   Total users:                        127
   New users (March–April):                3
   Users with event participation:     84
   Users with payment requests:        70
   Active users (events ∪ payments):   87
============================================================

