2025-11-27 14:46:06,642 - INFO - Found credentials in shared credentials file: ~/.aws/credentials
2025-11-27 14:46:06,681 - INFO - Initialized DB S3 Path Migration
2025-11-27 14:46:06,681 - INFO - Environment: prod
2025-11-27 14:46:06,681 - INFO - Dry run: False
2025-11-27 14:46:06,682 - INFO - Scanning table JmanageInfraStack-PaymentRequest928AFAA0-1JAEF2O0NCCTQ...
2025-11-27 14:46:09,340 - INFO - Updated item {'id': 'c80a085290b04c36af9e367f1ed97bbe'}
2025-11-27 14:46:09,514 - INFO - Updated item {'id': '473f3b36461e410895a9f9c095898275'}
2025-11-27 14:46:09,681 - INFO - Updated item {'id': 'da42a92344bb49048b47b44fe7280917'}
2025-11-27 14:46:09,857 - INFO - Updated item {'id': 'd2eb439ab7fe4456a88125ad0cad56bf'}
2025-11-27 14:46:10,026 - INFO - Updated item {'id': '29887e244b3645b0ba16d1be0f51940d'}
2025-11-27 14:46:10,199 - INFO - Updated item {'id': '82a3d7b76893472b8d1c319273189a1d'}
2025-11-27 14:46:10,200 - INFO - Skipped item 7656b2d2266e4ad99f6efc10a02cf5d6: No matching S3 keys found (already migrated or pattern mismatch)
2025-11-27 14:46:10,200 - INFO - Skipped item e355772b50364646b0b993e88164b6c7: No matching S3 keys found (already migrated or pattern mismatch)
2025-11-27 14:46:10,369 - INFO - Updated item {'id': '0b6c61906e644c13b34d110d0a7ad5bc'}
2025-11-27 14:46:10,369 - INFO - Skipped item 232e7d833f2e4fbabdf43a49a57ebab3: No matching S3 keys found (already migrated or pattern mismatch)
2025-11-27 14:46:10,540 - INFO - Updated item {'id': '864f3fcb32314d7c9535bfd89eb2e602'}
2025-11-27 14:46:10,710 - INFO - Updated item {'id': '7b07b9fba8a84041b66a15c6b378c0ea'}
2025-11-27 14:46:10,884 - INFO - Updated item {'id': 'aeb5c91efec341909b9238e2576fff91'}
2025-11-27 14:46:10,885 - INFO - Skipped item 35245bd1657447238c0a91f5f30e167e: No matching S3 keys found (already migrated or pattern mismatch)
2025-11-27 14:46:10,885 - INFO - Skipped item 724ae433ed49474aae02101e9073ce19: No matching S3 keys found (already migrated or pattern mismatch)
2025-11-27 14:46:11,056 - INFO - Updated item {'id': 'b0ef1f07e5ca44908aa609e5c083abe1'}
2025-11-27 14:46:11,224 - INFO - Updated item {'id': 'd692f9528078441896e2b6408b72b9f3'}
2025-11-27 14:46:11,395 - INFO - Updated item {'id': 'd3ac383e8e794b4ebd0c3cfb4381c531'}
2025-11-27 14:46:11,564 - INFO - Updated item {'id': '500b08b7346b49a1b43b1acb4cb94176'}
2025-11-27 14:46:11,743 - INFO - Updated item {'id': '64655f0d83b34d5fbb450123122c973b'}
2025-11-27 14:46:11,911 - INFO - Updated item {'id': '140c7a631458498ab0d1c9ebb5adfb6e'}
2025-11-27 14:46:12,079 - INFO - Updated item {'id': 'e7dfd63c0fb64d8cb709bcd9483f6aa1'}
2025-11-27 14:46:12,244 - INFO - Updated item {'id': '55fffa93fab0443191434eb051557bca'}
2025-11-27 14:46:12,409 - INFO - Updated item {'id': 'e59ea14179c14c7d9f407dedc83aa87f'}
2025-11-27 14:46:12,577 - INFO - Updated item {'id': '49ee75d800fc477dab237ae792051f6a'}
2025-11-27 14:46:12,744 - INFO - Updated item {'id': 'c7f4a822aa4a46ceac14d6900878369b'}
2025-11-27 14:46:12,911 - INFO - Updated item {'id': 'fb21820f7ef24dae92e4abfab18a5ba3'}
2025-11-27 14:46:12,911 - INFO - Skipped item f01c40db23bd49508bb1225fe5519eb9: No matching S3 keys found (already migrated or pattern mismatch)
2025-11-27 14:46:13,079 - INFO - Updated item {'id': 'dedfc2a4a8f34f6fb13cda404824479c'}
2025-11-27 14:46:13,245 - INFO - Updated item {'id': 'f2771fcd988d405eb60382702dd08b98'}
2025-11-27 14:46:13,413 - INFO - Updated item {'id': 'bc62dd297b094a3ea25f6d66169470dd'}
2025-11-27 14:46:13,582 - INFO - Updated item {'id': 'ecd1f14e3e214ae78f21d8e72c690f09'}
2025-11-27 14:46:13,750 - INFO - Updated item {'id': '0634e8d7646848b2ba94bce52bc2405e'}
2025-11-27 14:46:13,919 - INFO - Updated item {'id': '5febbf50ac124472a637453a05f4bda7'}
2025-11-27 14:46:14,089 - INFO - Updated item {'id': '63f886e70d1d445b8df9e40c9c8d1767'}
2025-11-27 14:46:14,261 - INFO - Updated item {'id': '7baee3dec53d40b88db8ad0ac0e0e6ad'}
2025-11-27 14:46:14,262 - INFO - Skipped item be0a53ebe5254e37b27fceb9a9362a72: No matching S3 keys found (already migrated or pattern mismatch)
2025-11-27 14:46:14,436 - INFO - Updated item {'id': '0c8f5be59d994eb7b3a77e5ee8a5e70f'}
2025-11-27 14:46:14,604 - INFO - Updated item {'id': '5e0021d792a7438ab9b48ed5039650a8'}
2025-11-27 14:46:14,777 - INFO - Updated item {'id': 'ff9a492224d04e7a9ff0568bb7673dbe'}
2025-11-27 14:46:14,947 - INFO - Updated item {'id': 'c2d544753b84480c88e9157734718d1d'}
2025-11-27 14:46:15,122 - INFO - Updated item {'id': '1b338182636e44ba9765193d4bbd4002'}
2025-11-27 14:46:15,291 - INFO - Updated item {'id': '789c1b4d477d499a937794bc20e75285'}
2025-11-27 14:46:15,463 - INFO - Updated item {'id': '8f26860586d6486c9eea778b97a101ed'}
2025-11-27 14:46:15,463 - INFO - Skipped item f900e0adc73447c7bee6a63b2d49d073: No matching S3 keys found (already migrated or pattern mismatch)
2025-11-27 14:46:15,635 - INFO - Updated item {'id': '8cbe59f6720443c9b84b2bb1cc76c282'}
2025-11-27 14:46:15,636 - INFO - Skipped item a411e5ff7c384eefbf6792f1abb7b3d7: No matching S3 keys found (already migrated or pattern mismatch)
2025-11-27 14:46:15,810 - INFO - Updated item {'id': 'eaffcdc98e724174a6f1b4b9070f6e25'}
2025-11-27 14:46:15,978 - INFO - Updated item {'id': '290ef09e3daa45aa99f4ab005edcb3e9'}
2025-11-27 14:46:16,151 - INFO - Updated item {'id': '7eefb9c8baaf44cfbed57c5baa2fec9f'}
2025-11-27 14:46:16,321 - INFO - Updated item {'id': '89037b7f067b4a0fb171b08df4e770b9'}
2025-11-27 14:46:16,322 - INFO - Skipped item 11ac90a22e3748bc9ad1245bc3e3b54f: No matching S3 keys found (already migrated or pattern mismatch)
2025-11-27 14:46:16,495 - INFO - Updated item {'id': '7c6002cca62d4548b326cf703f1a5d35'}
2025-11-27 14:46:16,674 - INFO - Updated item {'id': 'ab85df05d8be456aafb8979f63cef615'}
2025-11-27 14:46:16,843 - INFO - Updated item {'id': '1a762f30c32a4052bfe031200ffd04fb'}
2025-11-27 14:46:17,013 - INFO - Updated item {'id': '7ab1cacfabc04f36b3a19463abc5186c'}
2025-11-27 14:46:17,187 - INFO - Updated item {'id': 'fb3850da6b8a48eea88c55ba15b89dbe'}
2025-11-27 14:46:17,361 - INFO - Updated item {'id': '2e984ee038654072b3643279e050d032'}
2025-11-27 14:46:17,529 - INFO - Updated item {'id': '42cd685be22b45799b590133f49ced7c'}
2025-11-27 14:46:17,696 - INFO - Updated item {'id': '533ef4d80c8442c3972761ee4981ede4'}
2025-11-27 14:46:17,869 - INFO - Updated item {'id': '2a82c2962b794186929f4703e2eb5975'}
2025-11-27 14:46:18,044 - INFO - Updated item {'id': '81e74642a47548c395252e6a86071a11'}
2025-11-27 14:46:18,218 - INFO - Updated item {'id': '10450db0bb0c4cce98d980a7835ab6e9'}
2025-11-27 14:46:18,388 - INFO - Updated item {'id': '0cbc82a9c6754cb5806591cc7235acc2'}
2025-11-27 14:46:18,563 - INFO - Updated item {'id': '6acea3f36ec44fe788ee0ad091e3df66'}
2025-11-27 14:46:18,737 - INFO - Updated item {'id': '7b80fdca3e984ed1a8877f61ce217636'}
2025-11-27 14:46:18,910 - INFO - Updated item {'id': 'e31f1057733647f2b811b9526a7cbbc0'}
2025-11-27 14:46:19,079 - INFO - Updated item {'id': 'cca54d9e8a0c469a96200ed6f9cf6641'}
2025-11-27 14:46:19,248 - INFO - Updated item {'id': '5d010740f5964355bc3af128db463489'}
2025-11-27 14:46:19,420 - INFO - Updated item {'id': '7454019d18d54d1cac9b6952e477b57d'}
2025-11-27 14:46:19,589 - INFO - Updated item {'id': 'a9d40aefe0204bcdbf13033f71e00e40'}
2025-11-27 14:46:19,762 - INFO - Updated item {'id': 'f955df60d26b432880b4e6d991524683'}
2025-11-27 14:46:19,930 - INFO - Updated item {'id': '5ecbedb1c9084d49afa57933913a23b7'}
2025-11-27 14:46:20,098 - INFO - Updated item {'id': 'f3c7ce66d995478eaa34d8b6ffa81ea9'}
2025-11-27 14:46:20,266 - INFO - Updated item {'id': 'fb620fcf03084fa3af81c96826f9af65'}
2025-11-27 14:46:20,433 - INFO - Updated item {'id': '3ef84629d42746ff9dc72d32ee2cc81b'}
2025-11-27 14:46:20,602 - INFO - Updated item {'id': 'c7575b671b6f4f4da277d60a16f3a3d3'}
2025-11-27 14:46:20,769 - INFO - Updated item {'id': '1712845e4a0f4a27a2c1e6190b868076'}
2025-11-27 14:46:20,937 - INFO - Updated item {'id': '6bb3a50fa603405c96fd821de15a2e64'}
2025-11-27 14:46:21,105 - INFO - Updated item {'id': 'eb2bba965c6c4de3bb9fbf2659157dfd'}
2025-11-27 14:46:21,274 - INFO - Updated item {'id': '9afbc206bc3f460aa754e0c271e9bc96'}
2025-11-27 14:46:21,443 - INFO - Updated item {'id': '7d8beb2f7d8c42ac92ed434cacc4f8ca'}
2025-11-27 14:46:21,611 - INFO - Updated item {'id': '6110c2537ebe44d88ff43f5c73bf0aac'}
2025-11-27 14:46:21,778 - INFO - Updated item {'id': 'dd0ce2465d0f4930a1c4929533f51c4d'}
2025-11-27 14:46:21,950 - INFO - Updated item {'id': 'f2cdebd963d64cd4bd50e171b0c7024d'}
2025-11-27 14:46:22,122 - INFO - Updated item {'id': '82d5753063ad4d9093f3dfa784868a96'}
2025-11-27 14:46:22,291 - INFO - Updated item {'id': 'd4062ae5c0674336a8f0bd7dc1fa7399'}
2025-11-27 14:46:22,463 - INFO - Updated item {'id': 'c34f7b5e1a8d43a7bb2e7b3c5b66a98c'}
2025-11-27 14:46:22,629 - INFO - Updated item {'id': '570d3c7663df4a5fa2fa14de9a578241'}
2025-11-27 14:46:22,796 - INFO - Updated item {'id': '1fb04265f900466f9c4c950e7bdf6ee6'}
2025-11-27 14:46:22,966 - INFO - Updated item {'id': 'aba5a8eff70346bcb5ec408664b35842'}
2025-11-27 14:46:23,136 - INFO - Updated item {'id': 'ff3d1a11c79c49b48d26a7a364481146'}
2025-11-27 14:46:23,307 - INFO - Updated item {'id': '594e09dc07274d1f8a000bb9cc90b3f0'}
2025-11-27 14:46:23,478 - INFO - Updated item {'id': '0c43319d2b864e079ea00ea32b0d930d'}
2025-11-27 14:46:23,645 - INFO - Updated item {'id': '8cf0ad68be11499c8f1711f7db691cb8'}
2025-11-27 14:46:23,813 - INFO - Updated item {'id': '71816c895f984515b0b4d8c255a5a825'}
2025-11-27 14:46:23,980 - INFO - Updated item {'id': '1a6984ec36a849d7be174e40191d2be5'}
2025-11-27 14:46:24,153 - INFO - Updated item {'id': 'c048e5a1643f4aec84c573996babf30b'}
2025-11-27 14:46:24,321 - INFO - Updated item {'id': '3493ad4f0f6040f5944d4e9c453daba3'}
2025-11-27 14:46:24,508 - INFO - Updated item {'id': 'f808f6da62864ae7befe18342d36534a'}
2025-11-27 14:46:24,684 - INFO - Updated item {'id': 'd0b8995148154353b65d2c6597ca201c'}
2025-11-27 14:46:24,852 - INFO - Updated item {'id': '0ee27f8b8e8e46cf80821cc8c9bb77c1'}
2025-11-27 14:46:25,028 - INFO - Updated item {'id': '55660436eb4642eab97337daac648098'}
2025-11-27 14:46:25,202 - INFO - Updated item {'id': 'b80fc1a64bb44e659e30b11d067098ef'}
2025-11-27 14:46:25,374 - INFO - Updated item {'id': '78ad76d0b5f54ee784b7490ce7c990c5'}
2025-11-27 14:46:25,551 - INFO - Updated item {'id': 'df79a523f2f04666af17f18f4f0a32c2'}
2025-11-27 14:46:25,719 - INFO - Updated item {'id': '625ad5e6210c4d24b51bd71db8d65a10'}
2025-11-27 14:46:25,893 - INFO - Updated item {'id': 'a8d50eb3e55f4329b414ff48a93c6034'}
2025-11-27 14:46:26,069 - INFO - Updated item {'id': 'ee105fa600c541648f125759be782bf4'}
2025-11-27 14:46:26,243 - INFO - Updated item {'id': '57a964fdcc634810840657ae308eb38d'}
2025-11-27 14:46:26,414 - INFO - Updated item {'id': 'd84e2f874c1c4aa29c91f156c78ba022'}
2025-11-27 14:46:26,584 - INFO - Updated item {'id': '194062ed74a8433cbc817700b0e41937'}
2025-11-27 14:46:26,769 - INFO - Updated item {'id': '9142358ef85e45268cebfb6bc4f9ea73'}
2025-11-27 14:46:26,944 - INFO - Updated item {'id': 'c0ebca05826644bd87a992e8bc80295b'}
2025-11-27 14:46:27,119 - INFO - Updated item {'id': 'b2c29a3448a6430fa166c031dc5b587b'}
2025-11-27 14:46:27,294 - INFO - Updated item {'id': '8b8ecbb2a92e45d2bad9ef8055e90426'}
2025-11-27 14:46:27,468 - INFO - Updated item {'id': '1d75e3f6aebf4931a22e24b3f85909f2'}
2025-11-27 14:46:27,639 - INFO - Updated item {'id': '971ec45cbd1a492696f9195ce2242006'}
2025-11-27 14:46:27,818 - INFO - Updated item {'id': 'a05fb36952b8457e9c277d283360b7d4'}
2025-11-27 14:46:27,995 - INFO - Updated item {'id': '005ceea8a4de48e892d5f369a1192f06'}
2025-11-27 14:46:28,169 - INFO - Updated item {'id': '06711cfbb01f4773bee0c9918c7ce838'}
2025-11-27 14:46:28,337 - INFO - Updated item {'id': '80d9c737a5cb4ad58e6ab07f5176d00f'}
2025-11-27 14:46:28,505 - INFO - Updated item {'id': '28d992c389ab4378864e5b80cd9b8e7f'}
2025-11-27 14:46:28,673 - INFO - Updated item {'id': 'a6d88d0c7b044892905980c0a9718d6d'}
2025-11-27 14:46:28,841 - INFO - Updated item {'id': '453f2cf6898045c7af2ccf7c8e66f267'}
2025-11-27 14:46:29,011 - INFO - Updated item {'id': '1dba4d5e48cb48b7a2b449e3ce777c20'}
2025-11-27 14:46:29,180 - INFO - Updated item {'id': '685b4912e96c4f4bb628fda1f31f07aa'}
2025-11-27 14:46:29,355 - INFO - Updated item {'id': '68a38df2bd754c22945ccd0c921e526f'}
2025-11-27 14:46:29,532 - INFO - Updated item {'id': 'a9d1bbad84da488ab040c47646aaa4fe'}
2025-11-27 14:46:29,697 - INFO - Updated item {'id': 'fdcb253624d44aab9ad61f57ff8e42db'}
2025-11-27 14:46:29,871 - INFO - Updated item {'id': '2c3dc118769d4911bab0fa4e550b61c3'}
2025-11-27 14:46:30,038 - INFO - Updated item {'id': 'aaf2ba576b0747f891a247abc5b9daae'}
2025-11-27 14:46:30,215 - INFO - Updated item {'id': '28314b27f0a34f629be5da10e62bfca8'}
2025-11-27 14:46:30,389 - INFO - Updated item {'id': 'e7f055fbedb14c2c84bf8731a4a019dc'}
2025-11-27 14:46:30,561 - INFO - Updated item {'id': '083347e7b93142c996df6b00daa063e9'}
2025-11-27 14:46:30,738 - INFO - Updated item {'id': '1808aacfbbca445a92fbb614a93aa55b'}
2025-11-27 14:46:30,914 - INFO - Updated item {'id': 'a73d4cd68b4e4c3a99e2526da7b6d374'}
2025-11-27 14:46:31,084 - INFO - Updated item {'id': '13aa46f17b844887a539546d545991b4'}
2025-11-27 14:46:31,255 - INFO - Updated item {'id': 'fa03f1a3a3a74c408e0c059c3e21f4a2'}
2025-11-27 14:46:31,422 - INFO - Updated item {'id': '087117ae9f504d5caeacfc99b8d1e764'}
2025-11-27 14:46:31,591 - INFO - Updated item {'id': 'cd4f354c0ec5492c9e19f784ea6d58c6'}
2025-11-27 14:46:31,762 - INFO - Updated item {'id': 'cc9fb4c447fa4ce7b25713509f2d14c4'}
2025-11-27 14:46:31,929 - INFO - Updated item {'id': '28d5a932385f4fa59af977074f7da2fe'}
2025-11-27 14:46:32,105 - INFO - Updated item {'id': 'd718fcb738434446a4e95d89045957df'}
2025-11-27 14:46:32,273 - INFO - Updated item {'id': 'cb3e23a388d947cf9c5c4974b47175ff'}
2025-11-27 14:46:32,447 - INFO - Updated item {'id': '23c50dd2d21c4653b3b370cb5cd0d2f1'}
2025-11-27 14:46:32,623 - INFO - Updated item {'id': '6563bf8472804437b5f50daee59ab381'}
2025-11-27 14:46:32,797 - INFO - Updated item {'id': '24f0b5deff394711826d3e29bd687fa8'}
2025-11-27 14:46:32,974 - INFO - Updated item {'id': '9d78ba79df704f7cb34fb775b30cd18d'}
2025-11-27 14:46:33,147 - INFO - Updated item {'id': 'c6ac7271837b4fcd90c750165a7ee9b5'}
2025-11-27 14:46:33,314 - INFO - Updated item {'id': '57da302ba4c645d2a978c61c39afbf82'}
2025-11-27 14:46:33,490 - INFO - Updated item {'id': '1ac26c6bac4c46d5a422515e8fbf97ea'}
2025-11-27 14:46:33,665 - INFO - Updated item {'id': '925f541da485423bb80adf1a2318e141'}
2025-11-27 14:46:33,840 - INFO - Updated item {'id': '7173d2a924564256b9ee8c07b71d1ada'}
2025-11-27 14:46:34,014 - INFO - Updated item {'id': 'aa86256414df465cac5dc6ca3714f40b'}
2025-11-27 14:46:34,184 - INFO - Updated item {'id': 'c6b3cf34e8c0413a9e06b45da84ce317'}
2025-11-27 14:46:34,365 - INFO - Updated item {'id': 'f4a7d576527d4a9495fa5e1cacec617b'}
2025-11-27 14:46:34,547 - INFO - Updated item {'id': '77d17a07a5da496da243d4cec7136b71'}
2025-11-27 14:46:34,716 - INFO - Updated item {'id': '0c6b0f6a442e47f49ee7d2492b0d3ac9'}
2025-11-27 14:46:34,893 - INFO - Updated item {'id': '602fa6bd53c64aaa8af0aa9c36215599'}
2025-11-27 14:46:35,072 - INFO - Updated item {'id': '7154f573ccdb49e6a08a8b325e63ac78'}
2025-11-27 14:46:35,247 - INFO - Updated item {'id': '470f2d2aee3e4d5cb7ea9de306d08bb1'}
2025-11-27 14:46:35,414 - INFO - Updated item {'id': '58d5e9bb8e87402f9be35a69eda92dc8'}
2025-11-27 14:46:35,584 - INFO - Updated item {'id': '1b402733419b4c3c927bf79449b6c4e5'}
2025-11-27 14:46:35,755 - INFO - Updated item {'id': '9cb3221d04c74547aa3cb61cb3986d86'}
2025-11-27 14:46:35,922 - INFO - Updated item {'id': '673fc3b6e7374dcb8f79b32cc088a847'}
2025-11-27 14:46:36,091 - INFO - Updated item {'id': 'e742ec5ac17445c4a715152bd766d956'}
2025-11-27 14:46:36,261 - INFO - Updated item {'id': '008c70adbee141f88d2c581621dea5b0'}
2025-11-27 14:46:36,430 - INFO - Updated item {'id': '5632755c393d4b4bbef47822d02be914'}
2025-11-27 14:46:36,597 - INFO - Updated item {'id': '5cb06cbdcf6b4d7eacebd801b025da9e'}
2025-11-27 14:46:36,769 - INFO - Updated item {'id': '5e350da79cec459bb95ff5e3c0d7cd26'}
2025-11-27 14:46:36,939 - INFO - Updated item {'id': '6457e25fd3694bc9b1417a8208220ad3'}
2025-11-27 14:46:37,111 - INFO - Updated item {'id': 'd9d152522a5f48b8b61c5e9a1fe1e9f1'}
2025-11-27 14:46:37,280 - INFO - Updated item {'id': 'db22608278f9480f937c277f113b054a'}
2025-11-27 14:46:37,451 - INFO - Updated item {'id': 'bfa4119914c7417bb30a58edc4010fcd'}
2025-11-27 14:46:37,618 - INFO - Updated item {'id': 'd2ee9d832f7e4079af2d41624bb995a2'}
2025-11-27 14:46:37,785 - INFO - Updated item {'id': '745481d659874639b6acd286a1c0b684'}
2025-11-27 14:46:37,952 - INFO - Updated item {'id': '6acde09a29814bb09120d27a81c2b381'}
2025-11-27 14:46:38,122 - INFO - Updated item {'id': '2de0df538dcb4db396206154d8295917'}
2025-11-27 14:46:38,297 - INFO - Updated item {'id': '28d102230c1a4ffc8a9a5df6799ee0f5'}
2025-11-27 14:46:38,469 - INFO - Updated item {'id': '120d948c64b8480283fb154b58410730'}
2025-11-27 14:46:38,644 - INFO - Updated item {'id': '13f617f339904af7b784c3a6812670e2'}
2025-11-27 14:46:38,830 - INFO - Updated item {'id': '5d39ed713fa240e19c99e9bbd50854a6'}
2025-11-27 14:46:39,005 - INFO - Updated item {'id': 'ef619c8ecf894363afdfb4b9a6dcac73'}
2025-11-27 14:46:39,178 - INFO - Updated item {'id': 'c8125def858842cfbc307095b355ac45'}
2025-11-27 14:46:39,351 - INFO - Updated item {'id': 'f0bf6d1fd21649bc977b0b6b5734fa18'}
2025-11-27 14:46:39,518 - INFO - Updated item {'id': '3971c91b24fc46d4aa674d0cb01f6c08'}
2025-11-27 14:46:39,689 - INFO - Updated item {'id': '452830facb5e4647ba6acd36b117174b'}
2025-11-27 14:46:39,863 - INFO - Updated item {'id': 'ff44d0669b3040a8a5beacabc83554de'}
2025-11-27 14:46:40,036 - INFO - Updated item {'id': 'da66e79e612a41829eb6f9342e5bfabb'}
2025-11-27 14:46:40,210 - INFO - Updated item {'id': '5a8e014974bc44a9a5ad436224dc6b52'}
2025-11-27 14:46:40,378 - INFO - Updated item {'id': '2ea68ec9d57747a488858734838041bf'}
2025-11-27 14:46:40,553 - INFO - Updated item {'id': 'bbdba8a665624b7a9f82df599ae3f5f7'}
2025-11-27 14:46:40,734 - INFO - Updated item {'id': '5871e295194f41d08993518da4983a4e'}
2025-11-27 14:46:40,905 - INFO - Updated item {'id': 'a0b1460d95a64d0e83427e1db83871d4'}
2025-11-27 14:46:41,077 - INFO - Updated item {'id': '1cc6d985e679426c983cdee9ab903106'}
2025-11-27 14:46:41,248 - INFO - Updated item {'id': '197a7c9331cf4ab7b9beca17565abf87'}
2025-11-27 14:46:41,421 - INFO - Updated item {'id': '4b0f713a99904926b831a765f95cf299'}
2025-11-27 14:46:41,598 - INFO - Updated item {'id': '177df50a4ba044ea8dca7a1637a3184a'}
2025-11-27 14:46:41,777 - INFO - Updated item {'id': '75513934de56469c80a837870b328a75'}
2025-11-27 14:46:41,950 - INFO - Updated item {'id': '8510834b60354ee1b428457eb02771db'}
2025-11-27 14:46:42,120 - INFO - Updated item {'id': '70587e2fc0174d4db5d1833770458859'}
2025-11-27 14:46:42,291 - INFO - Updated item {'id': '94178e93ba794561b313c518dc156345'}
2025-11-27 14:46:42,459 - INFO - Updated item {'id': '34f30177a75b4430873fd713fbfc57d7'}
2025-11-27 14:46:42,629 - INFO - Updated item {'id': 'a8ecdcd2eeb94023ac57cf2f8c71018e'}
2025-11-27 14:46:42,803 - INFO - Updated item {'id': '8078b0f73bdc432db59326f436bbfda9'}
2025-11-27 14:46:42,969 - INFO - Updated item {'id': '8e9870276c7d48e583023469b119889b'}
2025-11-27 14:46:43,146 - INFO - Updated item {'id': 'd7a82c7a26f447eba9c2ac62232a390c'}
2025-11-27 14:46:43,321 - INFO - Updated item {'id': '248c2f5943d9462e822fd811f217e2b0'}
2025-11-27 14:46:43,488 - INFO - Updated item {'id': '6e2ad1161f5f48c991724b1dcca21091'}
2025-11-27 14:46:43,661 - INFO - Updated item {'id': 'c12ea75fba434f23a0c21522037cda44'}
2025-11-27 14:46:43,832 - INFO - Updated item {'id': '9ec13d95f9e648cf88ac2a380d2b9011'}
2025-11-27 14:46:44,003 - INFO - Updated item {'id': 'f1aed91dcfc54a878dd63f4e2a21923c'}
2025-11-27 14:46:44,175 - INFO - Updated item {'id': '06bb0d94e08f46e38bfa659a60049b75'}
2025-11-27 14:46:44,342 - INFO - Updated item {'id': '78bd3d057af24e9f9428d320ee640822'}
2025-11-27 14:46:44,510 - INFO - Updated item {'id': '347fe9566537404ca1eb739116768cbd'}
2025-11-27 14:46:44,678 - INFO - Updated item {'id': '94e82712089c4d7a953b0d22e81dc0ce'}
2025-11-27 14:46:44,848 - INFO - Updated item {'id': '458163bd7e4740a5a49a68e6a1378101'}
2025-11-27 14:46:45,019 - INFO - Updated item {'id': '514bda93ce8845b2b2514a2dad0cda66'}
2025-11-27 14:46:45,189 - INFO - Updated item {'id': '21f6203e21af4e4ca5c15ab473928dd9'}
2025-11-27 14:46:45,357 - INFO - Updated item {'id': 'f8b30f4d49364216a0b280284d98e17b'}
2025-11-27 14:46:45,527 - INFO - Updated item {'id': 'f323b8521d8a4fb6a8d09fafdd0449b6'}
2025-11-27 14:46:45,697 - INFO - Updated item {'id': '524f5ea6d0f54fa2873575aa9989db5b'}
2025-11-27 14:46:45,864 - INFO - Updated item {'id': '9545095879fb4855961f9c02d3be9e2f'}
2025-11-27 14:46:46,032 - INFO - Updated item {'id': '658824aa2ebb4185b4d78c6a95d94984'}
2025-11-27 14:46:46,202 - INFO - Updated item {'id': '3a2db4f131964aa08e0cdfa2be86dc45'}
2025-11-27 14:46:46,373 - INFO - Updated item {'id': '0ac745ec24284d508a60fc4c3ca4e878'}
2025-11-27 14:46:46,547 - INFO - Updated item {'id': '0b4d7d363fe44db1b09ed3a4861bed04'}
2025-11-27 14:46:46,721 - INFO - Updated item {'id': 'ba3cf72ecd3e4dbf9e78e6c611a358b7'}
2025-11-27 14:46:46,897 - INFO - Updated item {'id': 'd507371188004f2bb1b2ed430c10f7c4'}
2025-11-27 14:46:47,071 - INFO - Updated item {'id': 'fe4c44f80eee400fb1add8cab89ee417'}
2025-11-27 14:46:47,244 - INFO - Updated item {'id': '69148b57722c43b8947fbded51ba86a3'}
2025-11-27 14:46:47,416 - INFO - Updated item {'id': '6929767aeac54affb0705afcfb95804e'}
2025-11-27 14:46:47,593 - INFO - Updated item {'id': 'da86101274a64b9183604cb04fdc02b1'}
2025-11-27 14:46:47,768 - INFO - Updated item {'id': '5af6f16f723c4588815609b0ea3ad02c'}
2025-11-27 14:46:47,947 - INFO - Updated item {'id': '3436bb0d0784499aa44e7bd3daf76a7a'}
2025-11-27 14:46:48,124 - INFO - Updated item {'id': '25901c5b184a4057b8a04ad734ebda77'}
2025-11-27 14:46:48,299 - INFO - Updated item {'id': 'cf91d95d58914f50937ae1b79c7d3cd6'}
2025-11-27 14:46:48,474 - INFO - Updated item {'id': '17e00e0c0da84e3d8485387953001f31'}
2025-11-27 14:46:48,646 - INFO - Updated item {'id': 'e9ad6fa5452c4303b4826641b1e4726f'}
2025-11-27 14:46:48,825 - INFO - Updated item {'id': '46c07ddc1f2e49df8c1f3b317016669d'}
2025-11-27 14:46:48,993 - INFO - Updated item {'id': 'd077176bd97c4bc5b9cb658547fca3eb'}
2025-11-27 14:46:49,169 - INFO - Updated item {'id': '4a2bdea7eb2c45a3a639f558746b29a4'}
2025-11-27 14:46:49,343 - INFO - Updated item {'id': 'ed366b7dd41d47f3ab273244f9b8872e'}
2025-11-27 14:46:49,516 - INFO - Updated item {'id': '26812a7effd44650a316886231a0d1f2'}
2025-11-27 14:46:49,687 - INFO - Updated item {'id': '0dac7d967c704b8c9f0780e6b4b60e6e'}
2025-11-27 14:46:49,861 - INFO - Updated item {'id': '5ad4792fed9246a7ad461456030ddb2c'}
2025-11-27 14:46:50,038 - INFO - Updated item {'id': '4c98190db72245e999b9040461c58787'}
2025-11-27 14:46:50,218 - INFO - Updated item {'id': '4dfecaebbb7246409039f96bc83297b5'}
2025-11-27 14:46:50,393 - INFO - Updated item {'id': 'b84be11f143a4a96a868adcd84829e45'}
2025-11-27 14:46:50,562 - INFO - Updated item {'id': '4117b73e4b324a30aa83d4db4b6856d4'}
2025-11-27 14:46:50,733 - INFO - Updated item {'id': '79a3d4ab20404006b34ed020b28edd5f'}
2025-11-27 14:46:50,902 - INFO - Updated item {'id': 'a6b5c9d4dca2415c85e3ee2f7231f66a'}
2025-11-27 14:46:51,071 - INFO - Updated item {'id': '9af5d000eec247a482e75f2c63810f55'}
2025-11-27 14:46:51,261 - INFO - Updated item {'id': '47e82a28a94849fbad91285deb2b2312'}
2025-11-27 14:46:51,435 - INFO - Updated item {'id': '2cd78c3245af48e09c556709ab8ed9de'}
2025-11-27 14:46:51,611 - INFO - Updated item {'id': '3dcc27b6bd5e414e8f63c62ee43cefbc'}
2025-11-27 14:46:51,785 - INFO - Updated item {'id': '7754785f668c4890871b5bc738fd8249'}
2025-11-27 14:46:51,957 - INFO - Updated item {'id': 'adc4401c7b3f4a7baf7fa723e37e67d1'}
2025-11-27 14:46:52,124 - INFO - Updated item {'id': '30556fe6161146bdbeab07b4145224a9'}
2025-11-27 14:46:52,294 - INFO - Updated item {'id': '68aa4ac1c8624201ae646b388da381fa'}
2025-11-27 14:46:52,460 - INFO - Updated item {'id': 'cdcb31a8f6664c40b39dd8e2e117e54a'}
2025-11-27 14:46:52,629 - INFO - Updated item {'id': '4f53de3ba10047d98a8f8d4ec2cc3f5f'}
2025-11-27 14:46:52,793 - INFO - Updated item {'id': 'c588900b0ff7461693ba41aee5b42347'}
2025-11-27 14:46:52,963 - INFO - Updated item {'id': 'dff30ac512014d6aaf0d10f58db26bff'}
2025-11-27 14:46:53,132 - INFO - Updated item {'id': 'e73aff3fa4cc457a9dd5cefebdc4a8ec'}
2025-11-27 14:46:53,304 - INFO - Updated item {'id': 'e3c7dc0e41ab454995e170ba09ea470a'}
2025-11-27 14:46:53,474 - INFO - Updated item {'id': '06de9334defd40bd947afeb0dc8013ec'}
2025-11-27 14:46:53,644 - INFO - Updated item {'id': '1243f8b074574f83adf8378ecdd20b1b'}
2025-11-27 14:46:53,817 - INFO - Updated item {'id': '4d930addcb4f4b2f83f3ae47120c6d15'}
2025-11-27 14:46:53,988 - INFO - Updated item {'id': 'd184709fdb69414ba6f6c11b28278b4f'}
2025-11-27 14:46:54,161 - INFO - Updated item {'id': 'b0e57671bc034d49a0a5fb9f840f3dd4'}
2025-11-27 14:46:54,335 - INFO - Updated item {'id': '9f3beacfea63462b950735742ca31767'}
2025-11-27 14:46:54,506 - INFO - Updated item {'id': '9f7f0c23b4c649ae8aa0c75e92a18b9e'}
2025-11-27 14:46:54,679 - INFO - Updated item {'id': 'f66776eb82684216a9d6a7d79f9d398b'}
2025-11-27 14:46:54,851 - INFO - Updated item {'id': '50f1968f6d3448978a20becaa1c96149'}
2025-11-27 14:46:55,018 - INFO - Updated item {'id': 'f50a23ce1bcc416784a6846097ef9826'}
2025-11-27 14:46:55,189 - INFO - Updated item {'id': '4084530ba8d848ba9e958775fb472e90'}
2025-11-27 14:46:55,363 - INFO - Updated item {'id': '74a2cfa69c7b4f27b347d71f8527252c'}
2025-11-27 14:46:55,537 - INFO - Updated item {'id': 'fafcd38c541844acb54462d5d7f35ff9'}
2025-11-27 14:46:55,708 - INFO - Updated item {'id': '404309b60ab240f6a11765e4b26f4a9a'}
2025-11-27 14:46:55,874 - INFO - Updated item {'id': 'a234a68223a04211b1c084a71fb77e3a'}
2025-11-27 14:46:56,042 - INFO - Updated item {'id': 'fd6aab2290854934bdb1b8fba6c9cda9'}
2025-11-27 14:46:56,212 - INFO - Updated item {'id': '70ac110a2be8413d997e693cc59b997d'}
2025-11-27 14:46:56,386 - INFO - Updated item {'id': '475a911a4d78493f8e4c7abb021e2ce9'}
2025-11-27 14:46:56,570 - INFO - Updated item {'id': 'f0cba2af342f4f0d950f53cbb86d5d06'}
2025-11-27 14:46:56,750 - INFO - Updated item {'id': '804684b09c3e47459847d84e4491efc8'}
2025-11-27 14:46:56,927 - INFO - Updated item {'id': 'c5eee1dcf4a044eaae9e5f7bdb16a03d'}
2025-11-27 14:46:57,096 - INFO - Updated item {'id': '15166e9862c04fec980b384a3267b463'}
2025-11-27 14:46:57,267 - INFO - Updated item {'id': 'a38d56903e5a4995a8040e8a30fe79b7'}
2025-11-27 14:46:57,439 - INFO - Updated item {'id': '87795c5dae0746399600541c5d1644a3'}
2025-11-27 14:46:57,619 - INFO - Updated item {'id': '8d6b165a45f7491cb7b5663fc0df23be'}
2025-11-27 14:46:57,793 - INFO - Updated item {'id': '0397f94a34634d23abefff7635c723e5'}
2025-11-27 14:46:57,963 - INFO - Updated item {'id': '7a1660f26f9741ffbf60e338aea907a3'}
2025-11-27 14:46:58,139 - INFO - Updated item {'id': '7331f2f6e73243e9b377d9099931d812'}
2025-11-27 14:46:58,313 - INFO - Updated item {'id': 'e2fd6f9d84bf434c804dc08b852127c5'}
2025-11-27 14:46:58,488 - INFO - Updated item {'id': 'ebd31db8d2dd424ab48f2c73406a34cd'}
2025-11-27 14:46:58,675 - INFO - Updated item {'id': '7b5ed08afeab48b3b8536eaa08e999c5'}
2025-11-27 14:46:58,844 - INFO - Updated item {'id': '3d48739c32f74c489194cf12d14e3fe8'}
2025-11-27 14:46:59,022 - INFO - Updated item {'id': '199066fdd1f6461b876431f8f42f5728'}
2025-11-27 14:46:59,198 - INFO - Updated item {'id': 'f8b72a050eb44f20b90a3cc9596f2aeb'}
2025-11-27 14:46:59,377 - INFO - Updated item {'id': '9d03b45227fe476aa125ffe968d0dec7'}
2025-11-27 14:46:59,553 - INFO - Updated item {'id': 'f8608c667ea74736a6db92bcff6d9f7f'}
2025-11-27 14:46:59,727 - INFO - Updated item {'id': '898cc0ee56ff4d9c9f8a0fd0c61880cc'}
2025-11-27 14:46:59,900 - INFO - Updated item {'id': 'e1c0a267121c455d941212a53fa112f2'}
2025-11-27 14:47:00,068 - INFO - Updated item {'id': 'b6aeddb4385c40958f27193e5eabacb5'}
2025-11-27 14:47:00,236 - INFO - Updated item {'id': 'f6189aeda63f41f58e6daa8b27a8a004'}
2025-11-27 14:47:00,403 - INFO - Updated item {'id': 'ba2b4b9eff0347dd84d563142db329fb'}
2025-11-27 14:47:00,571 - INFO - Updated item {'id': 'dd4394d1e832466789018f1cc7caddad'}
2025-11-27 14:47:00,742 - INFO - Updated item {'id': '58b41c62ca3743b78b4c7d6e33cdd844'}
2025-11-27 14:47:00,909 - INFO - Updated item {'id': '6e41e76de97c48589e4a1a4899d5e110'}
2025-11-27 14:47:01,082 - INFO - Updated item {'id': '2c019d6f85a94ce197f421ddf6193a59'}
2025-11-27 14:47:01,252 - INFO - Updated item {'id': '0580796bcca24e6ab5656dcef1d0d0f7'}
2025-11-27 14:47:01,424 - INFO - Updated item {'id': 'c2338ce4a5d146849dce7c7a8fd8aa58'}
2025-11-27 14:47:01,593 - INFO - Updated item {'id': 'b2e093f622fe425da9967555524f7f2d'}
2025-11-27 14:47:01,763 - INFO - Updated item {'id': '93988468135c4828ac781756d859c563'}
2025-11-27 14:47:01,937 - INFO - Updated item {'id': 'c9048bd0c5204dceb6be7c8625654a1d'}
2025-11-27 14:47:02,110 - INFO - Updated item {'id': '2bb42a5d34da4df99ac4f7848db02808'}
2025-11-27 14:47:02,279 - INFO - Updated item {'id': '3e3e481811db4fdba14259e11bdba6dd'}
2025-11-27 14:47:02,453 - INFO - Updated item {'id': 'dfc92d9966da466bb36013a29dfbe467'}
2025-11-27 14:47:02,629 - INFO - Updated item {'id': '398ce455fd994fde8bdc71202aa08a6b'}
2025-11-27 14:47:02,804 - INFO - Updated item {'id': 'ef3c305e6b794e38a42886caab954267'}
2025-11-27 14:47:02,975 - INFO - Updated item {'id': 'fbd22247fc714a27b6122269a6e8da85'}
2025-11-27 14:47:03,146 - INFO - Updated item {'id': '0c5ab06de93f40838c08ab6b7d43b5c8'}
2025-11-27 14:47:03,323 - INFO - Updated item {'id': '6bc9751c19f5477c8d72ea8b802a968c'}
2025-11-27 14:47:03,500 - INFO - Updated item {'id': '3e3caf4fb3f5463e83cca25ec0e8a202'}
2025-11-27 14:47:03,674 - INFO - Updated item {'id': 'f9897a01022d4709b96d0785a5284f3c'}
2025-11-27 14:47:03,850 - INFO - Updated item {'id': '743747de929648cebc934a78a339cfe5'}
2025-11-27 14:47:04,024 - INFO - Updated item {'id': '51dd2eadd77444baaf142f52bb7517a3'}
2025-11-27 14:47:04,198 - INFO - Updated item {'id': '7af88a7ea7604280817ed77c8bdf6dcf'}
2025-11-27 14:47:04,372 - INFO - Updated item {'id': 'c550a17ec7f84915a6bb3dccb81a25af'}
2025-11-27 14:47:04,550 - INFO - Updated item {'id': '4bf0a36f1a5a4f72ab1df04d3c1358f1'}
2025-11-27 14:47:04,732 - INFO - Updated item {'id': '76e0921b0f264fe096b3809e783d1e1f'}
2025-11-27 14:47:04,906 - INFO - Updated item {'id': 'fd385e54115549f1ac58d881321eb8f9'}
2025-11-27 14:47:05,084 - INFO - Updated item {'id': '86a13d4e9cc2465297b61a6e7af77d7d'}
2025-11-27 14:47:05,260 - INFO - Updated item {'id': '472897d89cc74538a141fdc604c53838'}
2025-11-27 14:47:05,433 - INFO - Updated item {'id': 'cf4b7995551a4fff8b3d8b907af5f3b6'}
2025-11-27 14:47:05,608 - INFO - Updated item {'id': 'e85b923842394dddb940fd68c24f0657'}
2025-11-27 14:47:05,786 - INFO - Updated item {'id': '534a245b2e0747e3b2627cb02562edc2'}
2025-11-27 14:47:05,967 - INFO - Updated item {'id': '839d4ce33d45419bb7b0d58890f4b90d'}
2025-11-27 14:47:06,141 - INFO - Updated item {'id': 'b2cc52f56c1d4f7e909c64026354a698'}
2025-11-27 14:47:06,317 - INFO - Updated item {'id': 'd5312bc9195c4647bafd5c1ca2c88247'}
2025-11-27 14:47:06,491 - INFO - Updated item {'id': 'eff1e1c7381445978853ffbe2f26d6ed'}
2025-11-27 14:47:06,668 - INFO - Updated item {'id': '62f3d3d5409c43b6830d3ffc9d799353'}
2025-11-27 14:47:06,849 - INFO - Updated item {'id': 'e1c8538ade9146fea05e615b68458b97'}
2025-11-27 14:47:07,026 - INFO - Updated item {'id': 'fa86e725ae734309bfd65c3d652a62ad'}
2025-11-27 14:47:07,202 - INFO - Updated item {'id': '2873d34cf62d47a6b0cfc4ec82cdea92'}
2025-11-27 14:47:07,372 - INFO - Updated item {'id': 'da5c1a4637044e63bf05e2cda036b68a'}
2025-11-27 14:47:07,549 - INFO - Updated item {'id': 'f56ae63e166548dc99999b0c205a2318'}
2025-11-27 14:47:07,727 - INFO - Updated item {'id': '7b312bfc8c0a484da7df468ee43cf1a7'}
2025-11-27 14:47:07,903 - INFO - Updated item {'id': 'd7d24a31cdd146b0a8e8ba9cbcf06873'}
2025-11-27 14:47:08,071 - INFO - Updated item {'id': '119638acefbe49b9b05fc3dedb908827'}
2025-11-27 14:47:08,239 - INFO - Updated item {'id': 'd75e5d93126f48afaca5adcd1829f9ed'}
2025-11-27 14:47:08,410 - INFO - Updated item {'id': '894da9dda34146d4b2db047ea37df5b5'}
2025-11-27 14:47:08,578 - INFO - Updated item {'id': '74209cbb654e409c930de86760a5e748'}
2025-11-27 14:47:08,751 - INFO - Updated item {'id': '112d42368e1d43e8b7012ce5753a6431'}
2025-11-27 14:47:08,919 - INFO - Updated item {'id': 'e8101c60cfe741dc8dfb5c746e81e3a0'}
2025-11-27 14:47:09,089 - INFO - Updated item {'id': '558781e015ff4dfaa16f568e76fa9f87'}
2025-11-27 14:47:09,256 - INFO - Updated item {'id': '75f4b8c2d0a547bcbc397c6b80cc742e'}
2025-11-27 14:47:09,426 - INFO - Updated item {'id': '6316b10ec28748bd8d232aeeb880852b'}
2025-11-27 14:47:09,596 - INFO - Updated item {'id': 'b5f34ffc9ff4473996d867c18162ff20'}
2025-11-27 14:47:09,764 - INFO - Updated item {'id': 'f0bf61cf20bf487994a126c88e6fc7cb'}
2025-11-27 14:47:09,937 - INFO - Updated item {'id': 'c4d6c75fa3404f779a9f5cfa8f2908fd'}
2025-11-27 14:47:10,106 - INFO - Updated item {'id': '3a8effe7d2d845339276988496423742'}
2025-11-27 14:47:10,274 - INFO - Updated item {'id': '4793fe4d47804ed18600272b3696c125'}
2025-11-27 14:47:10,451 - INFO - Updated item {'id': '8a87966c85b147fc8b4a4371b56007ae'}
2025-11-27 14:47:10,623 - INFO - Updated item {'id': '5bb8b2e70eaa47caa2623e97abc1f292'}
2025-11-27 14:47:10,792 - INFO - Updated item {'id': 'cbd2788668a34081bf947bdc492021c0'}
2025-11-27 14:47:10,964 - INFO - Updated item {'id': '237db3c78ea8496a9adea25cce4c6081'}
2025-11-27 14:47:11,136 - INFO - Updated item {'id': 'd5777d37959d4de787750d717eb2d395'}
2025-11-27 14:47:11,309 - INFO - Updated item {'id': 'c768e838bb1943f68e747750bf6e0527'}
2025-11-27 14:47:11,481 - INFO - Updated item {'id': '09177f87c08846f58c97be4ed9fbed0c'}
2025-11-27 14:47:11,658 - INFO - Updated item {'id': 'c9b4f78d1000433faee90c9483509f8a'}
2025-11-27 14:47:11,834 - INFO - Updated item {'id': '87ea0ee0b8a04116937b1e0bcf86b682'}
2025-11-27 14:47:12,006 - INFO - Updated item {'id': 'dbd9923160be41388741d02a50d87c19'}
2025-11-27 14:47:12,175 - INFO - Updated item {'id': 'e338c7e3947047e99768f5add9633588'}
2025-11-27 14:47:12,344 - INFO - Updated item {'id': '15e88c770c4b40c58d2d2f47d413f64c'}
2025-11-27 14:47:12,512 - INFO - Updated item {'id': 'd4d67de7ec864757b537e7d065914f88'}
2025-11-27 14:47:12,685 - INFO - Updated item {'id': '5092dac982304f45bd3bf23db51598e8'}
2025-11-27 14:47:12,854 - INFO - Updated item {'id': '271cc858c7a1478e984010baf475eaed'}
2025-11-27 14:47:13,021 - INFO - Updated item {'id': '7eaaf9e79fcd40abbc915e41cf3dd52c'}
2025-11-27 14:47:13,186 - INFO - Updated item {'id': '2413e5ed8d474cf8a15749f69a3c676f'}
2025-11-27 14:47:13,358 - INFO - Updated item {'id': '68b2e89eb29a4fde9ca4e0109acdefc0'}
2025-11-27 14:47:13,533 - INFO - Updated item {'id': '8cd30eaace9c42fca36637edf1506724'}
2025-11-27 14:47:13,701 - INFO - Updated item {'id': '6675e2baeb374fb685ae37adf884fa28'}
2025-11-27 14:47:13,868 - INFO - Updated item {'id': '1c61b43d10824d14a904d89f26242272'}
2025-11-27 14:47:14,039 - INFO - Updated item {'id': 'cad482c1c1f1478a9d15d56422ee40ce'}
2025-11-27 14:47:14,214 - INFO - Updated item {'id': '1598fe9aee3d407786d329cdc81bc55a'}
2025-11-27 14:47:14,390 - INFO - Updated item {'id': '51cf174fdbb046ae8d5750cfe01cf422'}
2025-11-27 14:47:14,562 - INFO - Updated item {'id': '02f8a779cb4443fea25c69ed5721db47'}
2025-11-27 14:47:14,734 - INFO - Updated item {'id': 'afe9d5eaebc64a4d974c0ee2dee210b5'}
2025-11-27 14:47:14,909 - INFO - Updated item {'id': 'e68a60d2357148ea8f1daa1b12e191f1'}
2025-11-27 14:47:15,092 - INFO - Updated item {'id': '78fce3df4ed041ee973ca0304f2664f8'}
2025-11-27 14:47:15,266 - INFO - Updated item {'id': '45696093c739491da3fa8e7729a90168'}
2025-11-27 14:47:15,445 - INFO - Updated item {'id': '67539a6f4e4c46eaac37dc155103d61e'}
2025-11-27 14:47:15,615 - INFO - Updated item {'id': '05434d4bc7e9464ca4b3df37923bea82'}
2025-11-27 14:47:15,784 - INFO - Updated item {'id': '304ae97b746840e2bf1a14cdc70220f1'}
2025-11-27 14:47:15,960 - INFO - Updated item {'id': 'ac455d287bb348a691447ad1e77b5b44'}
2025-11-27 14:47:16,129 - INFO - Updated item {'id': '1fac201343774549a1d3500cf74dc4a7'}
2025-11-27 14:47:16,300 - INFO - Updated item {'id': 'abde4f13f3aa4a17984bea3de68b801c'}
2025-11-27 14:47:16,469 - INFO - Updated item {'id': '5fcac37dee944211af5955f65afa0862'}
2025-11-27 14:47:16,635 - INFO - Updated item {'id': '378f8cb39ec04da4b4cc520b734a8d07'}
2025-11-27 14:47:16,804 - INFO - Updated item {'id': '91d9c9ce132e473590f8e63e2395939f'}
2025-11-27 14:47:16,976 - INFO - Updated item {'id': '1e9fbd5056b54c7e889f37333a455e7a'}
2025-11-27 14:47:17,144 - INFO - Updated item {'id': 'ef1378244cfa4b6fb9a2abcb6e24ddbd'}
2025-11-27 14:47:17,312 - INFO - Updated item {'id': 'c5afb0f4a33141f2aa709c8227823603'}
2025-11-27 14:47:17,485 - INFO - Updated item {'id': 'ab1c12498fcb4a64b56bc0edeec0811b'}
2025-11-27 14:47:17,663 - INFO - Updated item {'id': 'bf419f9f192a485da58dffdefa71580e'}
2025-11-27 14:47:17,843 - INFO - Updated item {'id': '7bd127f02a524fbca81d5796b42287d2'}
2025-11-27 14:47:18,018 - INFO - Updated item {'id': '95c27317bf9b4dcaa28aa935302039aa'}
2025-11-27 14:47:18,195 - INFO - Updated item {'id': 'b45a14ec521c4d2f901cdc47147e1e0b'}
2025-11-27 14:47:18,368 - INFO - Updated item {'id': '672dcb906f754526840083e9ad2e6f54'}
2025-11-27 14:47:18,544 - INFO - Updated item {'id': 'eb0e19d568334ee69d3f889639593e3a'}
2025-11-27 14:47:18,720 - INFO - Updated item {'id': 'e0fbaf7fe6344082927087bdf9558391'}
2025-11-27 14:47:18,902 - INFO - Updated item {'id': '393721670d2345b497204f449ac6a4af'}
2025-11-27 14:47:19,076 - INFO - Updated item {'id': 'f3295a4702394a248ef46ffca895b797'}
2025-11-27 14:47:19,253 - INFO - Updated item {'id': 'd48de8be506541aea05e1c6aca324517'}
2025-11-27 14:47:19,429 - INFO - Updated item {'id': 'b7a52f659ca041b7992630828ba3cebd'}
2025-11-27 14:47:19,602 - INFO - Updated item {'id': '4dd9a90e04544ed099c044b61b8a395c'}
2025-11-27 14:47:19,776 - INFO - Updated item {'id': '39714c29daf845f39dbc0da5c6fbc5c8'}
2025-11-27 14:47:19,946 - INFO - Updated item {'id': 'dc7558fc3738472591b4e2de05bd4365'}
2025-11-27 14:47:20,126 - INFO - Updated item {'id': 'deaaf87249604c81be66e281539840aa'}
2025-11-27 14:47:20,297 - INFO - Updated item {'id': 'd61fbb9663014095a265677a83076da3'}
2025-11-27 14:47:20,465 - INFO - Updated item {'id': '33211c0d42574c61b1dea854a46c23e7'}
2025-11-27 14:47:20,636 - INFO - Updated item {'id': 'cf95f606f4c84af7860699a0680e2cdc'}
2025-11-27 14:47:20,813 - INFO - Updated item {'id': '04581af71ca44dfb891ee89c0079f6ce'}
2025-11-27 14:47:20,991 - INFO - Updated item {'id': '19a37379e0364ba7bb0c50263ed17976'}
2025-11-27 14:47:21,169 - INFO - Updated item {'id': '9e4c53be9c0d4a7b84b3bf57e4fb1d74'}
2025-11-27 14:47:21,355 - INFO - Updated item {'id': '24bf26f3aee946e5a03491eaaaafeed3'}
2025-11-27 14:47:21,536 - INFO - Updated item {'id': '10678542699345bca20796b74a77f097'}
2025-11-27 14:47:21,717 - INFO - Updated item {'id': 'a2d73232a6f24afdba70a6e8d588a32e'}
2025-11-27 14:47:21,891 - INFO - Updated item {'id': '17337b38efc0407b94febbdd838423a7'}
2025-11-27 14:47:22,071 - INFO - Updated item {'id': '123a7dbe3f99458a8ff02892b1f17389'}
2025-11-27 14:47:22,244 - INFO - Updated item {'id': '63b0463d6c994077b86ecdb4014d396c'}
2025-11-27 14:47:22,420 - INFO - Updated item {'id': 'd22e856aa62c4ee18cab638e6b9a2bf4'}
2025-11-27 14:47:22,596 - INFO - Updated item {'id': '0a97eaa180c345eaa95e68c54e592d8b'}
2025-11-27 14:47:22,765 - INFO - Updated item {'id': '7e7eab6e5d89448e8f884ab7214f3945'}
2025-11-27 14:47:22,936 - INFO - Updated item {'id': '3abf8f75b30345e2b1cead9820548c72'}
2025-11-27 14:47:23,117 - INFO - Updated item {'id': '7b4955578a184917bd169c29ac9a54c2'}
2025-11-27 14:47:23,283 - INFO - Updated item {'id': '392120e083864d588d11fc58ac814f7e'}
2025-11-27 14:47:23,451 - INFO - Updated item {'id': '273d15bef3264c62af25c5528e837a63'}
2025-11-27 14:47:23,624 - INFO - Updated item {'id': 'dec441c98f74453baa74dc43cba32ff0'}
2025-11-27 14:47:23,800 - INFO - Updated item {'id': 'eb214e48981b4d00b5b5923cd4ee2169'}
2025-11-27 14:47:23,972 - INFO - Updated item {'id': '1e0e220c42a344a096429604470e0c7e'}
2025-11-27 14:47:24,142 - INFO - Updated item {'id': '50aca68b19dd4522862a35111530dc02'}
2025-11-27 14:47:24,312 - INFO - Updated item {'id': '05948273232a41e3aeab2eb23533d8f5'}
2025-11-27 14:47:24,480 - INFO - Updated item {'id': 'cc7a18226ce141759adcf8769942fbb9'}
2025-11-27 14:47:24,647 - INFO - Updated item {'id': '9732674b97234c2c871ebf6bb11677d8'}
2025-11-27 14:47:24,821 - INFO - Updated item {'id': '5c9dc16c5cc54d4c806744b5ccbbf0a1'}
2025-11-27 14:47:24,989 - INFO - Updated item {'id': '1eaff07aa50d46f0944477aaa28c1bd3'}
2025-11-27 14:47:25,161 - INFO - Updated item {'id': '28b1e3fc104b45f4ae001dc5abc24401'}
2025-11-27 14:47:25,332 - INFO - Updated item {'id': 'e58a6905e5574c2ebf86dcd9e0754fdd'}
2025-11-27 14:47:25,504 - INFO - Updated item {'id': 'ed14a66b2ca544d7b7a94e0ad243a740'}
2025-11-27 14:47:25,681 - INFO - Updated item {'id': '509da1c54a4d469987f03466a773c340'}
2025-11-27 14:47:25,851 - INFO - Updated item {'id': 'ec70488340a940f495ba009466524bee'}
2025-11-27 14:47:26,022 - INFO - Updated item {'id': '67fd9ca942d244a998a59b07d50bb24f'}
2025-11-27 14:47:26,194 - INFO - Updated item {'id': '74ef2f09c5b445f1b060aedcbca320bd'}
2025-11-27 14:47:26,362 - INFO - Updated item {'id': 'ba7303321e984b39b5c72842bb8b8115'}
2025-11-27 14:47:26,536 - INFO - Updated item {'id': '801006e3140b44d4b5ce62d075e0dca1'}
2025-11-27 14:47:26,714 - INFO - Updated item {'id': '1d75b6befd414a30bb46951d7fddff34'}
2025-11-27 14:47:26,888 - INFO - Updated item {'id': 'bfdccba7af63489c8a8ff07a9baa6610'}
2025-11-27 14:47:27,062 - INFO - Updated item {'id': '2d5811fee54c424f9c66f0d288ffd99b'}
2025-11-27 14:47:27,235 - INFO - Updated item {'id': 'c308cabaa48c43bbacaf369dd6a9433f'}
2025-11-27 14:47:27,407 - INFO - Updated item {'id': 'be9782180dd844d5b37f07d72269b8dc'}
2025-11-27 14:47:27,588 - INFO - Updated item {'id': '0b14e73509384b6c9808499538d867d3'}
2025-11-27 14:47:27,768 - INFO - Updated item {'id': '6b4f80bcd4854fe5b2e9ec75ed296bf7'}
2025-11-27 14:47:27,943 - INFO - Updated item {'id': '0bb7996f79804666ad71c411b284cdca'}
2025-11-27 14:47:28,143 - INFO - Updated item {'id': 'af230fa35f0d46a2897833bbf99bfc5e'}
2025-11-27 14:47:28,318 - INFO - Updated item {'id': '81e52660abb44d7a92e8fa583c2d052d'}
2025-11-27 14:47:28,490 - INFO - Updated item {'id': 'e85f22b28c00472db62d0e0fe33e3f87'}
2025-11-27 14:47:28,662 - INFO - Updated item {'id': 'f33b4690568f49aaad648025cc8b7a57'}
2025-11-27 14:47:28,836 - INFO - Updated item {'id': '2dd9d8107faa44debe996ce011d4d1fd'}
2025-11-27 14:47:29,014 - INFO - Updated item {'id': 'f4852353268e4104a147ee9e0bcc5e3d'}
2025-11-27 14:47:29,188 - INFO - Updated item {'id': '2b967aedbf0d4732a1f532b14d231657'}
2025-11-27 14:47:29,367 - INFO - Updated item {'id': 'cb181f723bd6473da43a5909d76367bc'}
2025-11-27 14:47:29,549 - INFO - Updated item {'id': 'a2663b923b034fc79153dfb178b12e97'}
2025-11-27 14:47:29,726 - INFO - Updated item {'id': '9a4d1890a1204a1cbfb451bd621865db'}
2025-11-27 14:47:29,909 - INFO - Updated item {'id': '92fbab5be2a44560bc34639fe7df1cbd'}
2025-11-27 14:47:30,084 - INFO - Updated item {'id': '30b15c16e52f4874ab0b34dcdeb171df'}
2025-11-27 14:47:30,257 - INFO - Updated item {'id': '16c4576dc9be4d7d8ef1eca6c2e36ea1'}
2025-11-27 14:47:30,430 - INFO - Updated item {'id': 'c9724bc8f7774803b5f8087d5ae3ce0a'}
2025-11-27 14:47:30,605 - INFO - Updated item {'id': '63783735df0b430e8a2957fb94b110a1'}
2025-11-27 14:47:30,775 - INFO - Updated item {'id': '32a366b726fa4fa497b5cf85d0f9bb73'}
2025-11-27 14:47:30,950 - INFO - Updated item {'id': 'cdea3feaecc042a7ac2f4b826e167215'}
2025-11-27 14:47:31,124 - INFO - Updated item {'id': '3b7e5b56e7ba49059550692555aabf19'}
2025-11-27 14:47:31,299 - INFO - Updated item {'id': '8862afcd7da24a61a578291db084d4fc'}
2025-11-27 14:47:31,473 - INFO - Updated item {'id': '1e0b2b73a4a54532ba9cf353399ffee7'}
2025-11-27 14:47:31,651 - INFO - Updated item {'id': '6a61ce14c24c4aaea48f39945d1102c4'}
2025-11-27 14:47:31,825 - INFO - Updated item {'id': '77fb5112f5094a3aa584743c8fa76fb6'}
2025-11-27 14:47:31,997 - INFO - Updated item {'id': 'ac04f734460c4b1a82139e25a6911ace'}
2025-11-27 14:47:32,164 - INFO - Updated item {'id': '07258a55448b4a209d10a001319b0ff4'}
2025-11-27 14:47:32,336 - INFO - Updated item {'id': '7330b9b8a5dd4eaeb8ba551224340655'}
2025-11-27 14:47:32,507 - INFO - Updated item {'id': '7960157e15b242f8b6e03004a8b2dc01'}
2025-11-27 14:47:32,678 - INFO - Updated item {'id': '15ea26b89fec4f55a6e64a24a0def4fc'}
2025-11-27 14:47:32,848 - INFO - Updated item {'id': '93ae1ed7a0984e4b8140d132c440e8b1'}
2025-11-27 14:47:33,014 - INFO - Updated item {'id': 'b2b1aa2830974b459009318ef9664f40'}
2025-11-27 14:47:33,185 - INFO - Updated item {'id': '23355c39a19748c885498f52ec72d7b2'}
2025-11-27 14:47:33,354 - INFO - Updated item {'id': 'c30fce434170424dad488d59c9139f4f'}
2025-11-27 14:47:33,524 - INFO - Updated item {'id': '1eebef0272584373a58ae1351151f5ff'}
2025-11-27 14:47:33,694 - INFO - Updated item {'id': '1dbb766409c04d8191cfc2e196a24b19'}
2025-11-27 14:47:33,865 - INFO - Updated item {'id': '5fc55df91e304839a704d4cda8100af1'}
2025-11-27 14:47:34,040 - INFO - Updated item {'id': '0f6c16402f534c5eb888318a2bbf3161'}
2025-11-27 14:47:34,208 - INFO - Updated item {'id': '57b107c6786f4990879fe14d3d724865'}
2025-11-27 14:47:34,390 - INFO - Updated item {'id': '386ef20e2a92448ab87e82779b124a7e'}
2025-11-27 14:47:34,563 - INFO - Updated item {'id': 'a79682e9fa3942898812ea7de978d8ab'}
2025-11-27 14:47:34,731 - INFO - Updated item {'id': '88c2f82288194324b619a1b5189d54e4'}
2025-11-27 14:47:34,907 - INFO - Updated item {'id': '330dce949d3c4cfc85ab285de5c224a1'}
2025-11-27 14:47:35,079 - INFO - Updated item {'id': '801ae49a27114dce89e568af5cefbe89'}
2025-11-27 14:47:35,251 - INFO - Updated item {'id': '5c8573b8882e4cf89d0d4cd031369ca3'}
2025-11-27 14:47:35,424 - INFO - Updated item {'id': '5d213af2981d410daf10fde0cba110a9'}
2025-11-27 14:47:35,603 - INFO - Updated item {'id': 'c24f845697d34ffaa02c98de34eec2f4'}
2025-11-27 14:47:35,781 - INFO - Updated item {'id': '1f5d391769404d33a4e723283e0741e3'}
2025-11-27 14:47:35,955 - INFO - Updated item {'id': 'e1c08a734926420097f7d7641e44589c'}
2025-11-27 14:47:36,129 - INFO - Updated item {'id': '834b24265f5046bf88d84cb83eeb765c'}
2025-11-27 14:47:36,303 - INFO - Updated item {'id': '55aee5cb4b354848822dff3c2f6a9b98'}
2025-11-27 14:47:36,472 - INFO - Updated item {'id': '654e94007c374b6eaf50ff0b4669e088'}
2025-11-27 14:47:36,653 - INFO - Updated item {'id': '909686239a1b4c5bb5bbc89159853d07'}
2025-11-27 14:47:36,839 - INFO - Updated item {'id': '1bdfa787d15041a7910820ef59ca1ae3'}
2025-11-27 14:47:37,018 - INFO - Updated item {'id': 'ed77c4ba725f4f62b9e185d892cf02f6'}
2025-11-27 14:47:37,185 - INFO - Updated item {'id': 'a803dbfe38b94b818ec7f12813582f70'}
2025-11-27 14:47:37,353 - INFO - Updated item {'id': '44944f9e67cc4cb0b327a4fa2ebb90cf'}
2025-11-27 14:47:37,527 - INFO - Updated item {'id': '8361cb48b5604992a1c3a6468b10bb2b'}
2025-11-27 14:47:37,708 - INFO - Updated item {'id': 'a01389f57cee448a94831df3c44dadff'}
2025-11-27 14:47:37,882 - INFO - Updated item {'id': 'e3b91d2aa3c9497a8a83d3264b90eaaf'}
2025-11-27 14:47:38,060 - INFO - Updated item {'id': '6fc1b962c6fd4950ac1116485f4edf4f'}
2025-11-27 14:47:38,228 - INFO - Updated item {'id': 'b6e32dacdfe64b91a2a8ba9664ce3e5b'}
2025-11-27 14:47:38,407 - INFO - Updated item {'id': '9c115639160949179a4ec192ef276973'}
2025-11-27 14:47:38,578 - INFO - Updated item {'id': 'be2d4c9396a846cc8c5db83d20a294f3'}
2025-11-27 14:47:38,754 - INFO - Updated item {'id': '954a3b134c814505aa5f6b210d6714fb'}
2025-11-27 14:47:38,927 - INFO - Updated item {'id': '216ac882f6a442a1a1ca930eb0c8d256'}
2025-11-27 14:47:39,104 - INFO - Updated item {'id': '9a6dd90c4aa444f380fd525823493853'}
2025-11-27 14:47:39,278 - INFO - Updated item {'id': '8c53fc2ddea44979adfc4ff9a53d56e3'}
2025-11-27 14:47:39,451 - INFO - Updated item {'id': '42c49d30c6f344e0b6a44e75fc59acb5'}
2025-11-27 14:47:39,627 - INFO - Updated item {'id': '8c4866608e6a4775a857684f39637991'}
2025-11-27 14:47:39,795 - INFO - Updated item {'id': '4162050ad4ee4bb0bc7b183503cd0698'}
2025-11-27 14:47:39,967 - INFO - Updated item {'id': '9f19ddd17afa42deb5759167a129f13c'}
2025-11-27 14:47:40,137 - INFO - Updated item {'id': '027af3698ef544c49bc6fa5a34379872'}
2025-11-27 14:47:40,309 - INFO - Updated item {'id': 'dc80fbe6f52c40949ba712286bba0327'}
2025-11-27 14:47:40,476 - INFO - Updated item {'id': 'e26b1182217142eeb037a4e3a57cbcea'}
2025-11-27 14:47:40,648 - INFO - Updated item {'id': 'eaa8d83ab7164cf1b77241d81ee1a76a'}
2025-11-27 14:47:40,822 - INFO - Updated item {'id': '27d5fe8e06184f3392caa39056761f06'}
2025-11-27 14:47:40,990 - INFO - Updated item {'id': '96214afa447a45f19964b8b70c5e161a'}
2025-11-27 14:47:41,161 - INFO - Updated item {'id': '3c3f5df62596469d982fc89c835a15ff'}
2025-11-27 14:47:41,331 - INFO - Updated item {'id': 'eafb57e5d8a44fe299a8c690fc23b402'}
2025-11-27 14:47:41,507 - INFO - Updated item {'id': '26a27aaafc464adfa0d27f8a59b2e399'}
2025-11-27 14:47:41,675 - INFO - Updated item {'id': '3bcc2c22dc1c4fdf8b981a6e068d432b'}
2025-11-27 14:47:41,847 - INFO - Updated item {'id': 'cc593892405d4d89a16ad21b370dbbab'}
2025-11-27 14:47:42,021 - INFO - Updated item {'id': '0857c6fe75f642fc8df81c3cec143875'}
2025-11-27 14:47:42,191 - INFO - Updated item {'id': '43fe11ebb2e247419a1547ac33c34bf4'}
2025-11-27 14:47:42,358 - INFO - Updated item {'id': '7745bb621d4144ff8234625b99e8fbfa'}
2025-11-27 14:47:42,534 - INFO - Updated item {'id': '307edec550934236a5b9ec64d19c4158'}
2025-11-27 14:47:42,706 - INFO - Updated item {'id': 'c94933448a6f4bde9baa32fe7cb58d55'}
2025-11-27 14:47:42,881 - INFO - Updated item {'id': 'a8d7524f577847f2acd897d9e9abd730'}
2025-11-27 14:47:43,048 - INFO - Updated item {'id': '59de4d714d1943a3a695fccdb2ff0cb8'}
2025-11-27 14:47:43,224 - INFO - Updated item {'id': '959c65a5e9114561a61396aa57d730ba'}
2025-11-27 14:47:43,400 - INFO - Updated item {'id': '1af99ea143c7434aba051bc2909fe485'}
2025-11-27 14:47:43,573 - INFO - Updated item {'id': '8a4cc424388844c59320455508eefbac'}
2025-11-27 14:47:44,685 - INFO - Updated item {'id': '6bed0e8dfd414ba29fe38e309f21348e'}
2025-11-27 14:47:44,856 - INFO - Updated item {'id': 'b1e170c42bca4266b25d0264b1e18499'}
2025-11-27 14:47:45,031 - INFO - Updated item {'id': '00c01ef885a5406799617a0be45dbf40'}
2025-11-27 14:47:45,202 - INFO - Updated item {'id': 'c7ea60c034d04aad9689163d9d40e2cf'}
2025-11-27 14:47:45,377 - INFO - Updated item {'id': 'da8ccf96a05243cda8728fca53aa566a'}
2025-11-27 14:47:45,545 - INFO - Updated item {'id': '1d05e7f361044081a25ac4fcec009030'}
2025-11-27 14:47:45,720 - INFO - Updated item {'id': 'f28c90d904d14be08dd09d37fa6cf509'}
2025-11-27 14:47:45,894 - INFO - Updated item {'id': '9ec5cdc293f74fb7bb827bc01b90b840'}
2025-11-27 14:47:46,063 - INFO - Updated item {'id': 'de833fbb9b4549159485bb37df2cdd1c'}
2025-11-27 14:47:46,237 - INFO - Updated item {'id': '7ccd2902b6044ddfb45ffc581c73c84d'}
2025-11-27 14:47:46,415 - INFO - Updated item {'id': 'd0e0e7bd2b254b9c98dba78c615199e5'}
2025-11-27 14:47:46,595 - INFO - Updated item {'id': 'ec25ed7c924c47b6a6a0cd4d65181b17'}
2025-11-27 14:47:46,769 - INFO - Updated item {'id': 'ae16bf0df9fa456cab55b06ce6bdceb7'}
2025-11-27 14:47:46,937 - INFO - Updated item {'id': 'c7b6ae33997447268ea0b8e061bda9a4'}
2025-11-27 14:47:47,109 - INFO - Updated item {'id': 'aed0b239cdaf4092a116571f4001eee7'}
2025-11-27 14:47:47,279 - INFO - Updated item {'id': '64843956fb294097b491a5c0f2b17515'}
2025-11-27 14:47:47,456 - INFO - Updated item {'id': 'feb2aac31ee3483785957f3658d154f8'}
2025-11-27 14:47:47,634 - INFO - Updated item {'id': '8da5330f3ac44ea79c0174885eed3a1e'}
2025-11-27 14:47:47,809 - INFO - Updated item {'id': '4185a775acb643be9bd5bead1d25bd8b'}
2025-11-27 14:47:47,978 - INFO - Updated item {'id': '9bd079c2f0154960baf8168c10fc4dd1'}
2025-11-27 14:47:48,148 - INFO - Updated item {'id': 'a2c25bb447cb411ca56078f8113e7527'}
2025-11-27 14:47:48,318 - INFO - Updated item {'id': 'bcee70b047904493b0ca59d233206324'}
2025-11-27 14:47:48,487 - INFO - Updated item {'id': 'ec2fa0cfb5fc4b928c14561ddd7dc0e3'}
2025-11-27 14:47:48,658 - INFO - Updated item {'id': '2c2fc0f236eb4ec78200f8d47821dca8'}
2025-11-27 14:47:48,831 - INFO - Updated item {'id': '768c46650e2f4a1d839eced4207d7a1e'}
2025-11-27 14:47:49,002 - INFO - Updated item {'id': '9d0ae3a3294b4df39e0bed9359ce36d5'}
2025-11-27 14:47:49,175 - INFO - Updated item {'id': '1890b76758f64280b5a5f45433bbfc4e'}
2025-11-27 14:47:49,348 - INFO - Updated item {'id': '60675913a2bb4510bcf2d0d19fa73668'}
2025-11-27 14:47:49,519 - INFO - Updated item {'id': 'c87c24601b34444986c24d5fb1fcc6c7'}
2025-11-27 14:47:49,688 - INFO - Updated item {'id': 'bc8efefb530a43bcb8e1a8ff7f81d2fd'}
2025-11-27 14:47:49,861 - INFO - Updated item {'id': 'f8960cce6a334b15917f5b4f3707d046'}
2025-11-27 14:47:50,035 - INFO - Updated item {'id': 'c9406ee84ca64038bcd066f4cc7a5431'}
2025-11-27 14:47:50,209 - INFO - Updated item {'id': 'ee1592807e0f44aeb2d3adcc13624073'}
2025-11-27 14:47:50,378 - INFO - Updated item {'id': '0ea9916a10fe40f0b5373c276a764429'}
2025-11-27 14:47:50,555 - INFO - Updated item {'id': 'f1b6ff396b6145c2adbae4458f105786'}
2025-11-27 14:47:50,725 - INFO - Updated item {'id': '815ba93a246c48808b1135a314562b06'}
2025-11-27 14:47:50,897 - INFO - Updated item {'id': '08ca5392ea164172b0fd15e95d981d51'}
2025-11-27 14:47:51,072 - INFO - Updated item {'id': '9ae427634d884367a8ada32b2a9966fe'}
2025-11-27 14:47:51,243 - INFO - Updated item {'id': '7ece37e4a83141d9bb619d0e7322b473'}
2025-11-27 14:47:51,414 - INFO - Updated item {'id': 'a9a7dfb678c04a2ead08ff69b10c2a82'}
2025-11-27 14:47:51,584 - INFO - Updated item {'id': 'fffba35cbe644a5da416d16c37687804'}
2025-11-27 14:47:51,752 - INFO - Updated item {'id': 'eb8affbdb7544d7d9d4c5c3a86a4874d'}
2025-11-27 14:47:51,922 - INFO - Updated item {'id': '62451567bb91497b945f8b7724ff4f32'}
2025-11-27 14:47:52,092 - INFO - Updated item {'id': '052c13c3d7064c8f99d0d3b7fa65e879'}
2025-11-27 14:47:52,269 - INFO - Updated item {'id': '863182a1ecc942bcb2f81eb1f842671f'}
2025-11-27 14:47:52,439 - INFO - Updated item {'id': '74d0bbd1deee40deb062d8752ed19313'}
2025-11-27 14:47:52,609 - INFO - Updated item {'id': 'b1de10b8abfe4020a376b3c765f662bd'}
2025-11-27 14:47:52,777 - INFO - Updated item {'id': '17b1a6975c944e9db551b74fd396ae1a'}
2025-11-27 14:47:52,954 - INFO - Updated item {'id': 'd09af1fde9354f878f8c19c22b9aa4fb'}
2025-11-27 14:47:53,129 - INFO - Updated item {'id': '385e9bc1d58f4e5bbac5755879e3e110'}
2025-11-27 14:47:53,298 - INFO - Updated item {'id': 'b8f41e79c1a54456a81929fb22bcdf55'}
2025-11-27 14:47:53,468 - INFO - Updated item {'id': '87aa97f246614944b584dfe3d2aa533f'}
2025-11-27 14:47:53,639 - INFO - Updated item {'id': '190cac364aca452eabda763913783215'}
2025-11-27 14:47:53,814 - INFO - Updated item {'id': 'a4256593659547c99d8daa0f58ab68de'}
2025-11-27 14:47:53,996 - INFO - Updated item {'id': 'f0768c27e2e5445eaf0b36ad093de8c5'}
2025-11-27 14:47:54,176 - INFO - Updated item {'id': 'fc184fc516e846fb82efbcb9645e81e6'}
2025-11-27 14:47:54,355 - INFO - Updated item {'id': '85eb6f6b3a484088b315084ce59f57f1'}
2025-11-27 14:47:54,528 - INFO - Updated item {'id': '645a0370e09f4ca1b802293fefe666a9'}
2025-11-27 14:47:54,704 - INFO - Updated item {'id': '93422737fc0d4d26a67d8498cc210240'}
2025-11-27 14:47:54,876 - INFO - Updated item {'id': 'ec0d26d9aef942e2a49c860cd681f8d5'}
2025-11-27 14:47:55,050 - INFO - Updated item {'id': '46113ecc96084b448175038f10cb85c7'}
2025-11-27 14:47:55,223 - INFO - Updated item {'id': '7000c06aa53048cf8460cd84336970b9'}
2025-11-27 14:47:55,399 - INFO - Updated item {'id': '9ac2fb1ce97340de89703db084a8b5c1'}
2025-11-27 14:47:55,573 - INFO - Updated item {'id': 'd4702be9e1eb48f3a82169d9d3f5b270'}
2025-11-27 14:47:55,742 - INFO - Updated item {'id': '38333ba2ba9548fd92429443f3333474'}
2025-11-27 14:47:55,913 - INFO - Updated item {'id': '2204ed0782ef489281cb73abbb405344'}
2025-11-27 14:47:56,083 - INFO - Updated item {'id': '2be68257a5304b95b57d1239d6d0d12e'}
2025-11-27 14:47:56,253 - INFO - Updated item {'id': '35d491c1e59c4d909468270a13a698ec'}
2025-11-27 14:47:56,419 - INFO - Updated item {'id': '2e7512fb9a1d4b5fb9ce2f07c2d4ae4d'}
2025-11-27 14:47:56,592 - INFO - Updated item {'id': 'e5f87093633d4be28a7ae8c9d2920a7f'}
2025-11-27 14:47:56,764 - INFO - Updated item {'id': 'b78d96687e7148128ed3671550db5b6e'}
2025-11-27 14:47:56,937 - INFO - Updated item {'id': 'ee9cdba2a0c644e89e73df6846167951'}
2025-11-27 14:47:57,110 - INFO - Updated item {'id': '30d53faee614417d98924f6b08395923'}
2025-11-27 14:47:57,279 - INFO - Updated item {'id': '379d76a9549f40b791874d643db234ba'}
2025-11-27 14:47:57,446 - INFO - Updated item {'id': '852ae33c6e6549e09dbaefb9e4f91428'}
2025-11-27 14:47:57,618 - INFO - Updated item {'id': '3e36eadd5aaa4d3bbfc0c7c965b57e76'}
2025-11-27 14:47:57,784 - INFO - Updated item {'id': '65a2de9bcbc54038bd77309ed13a8009'}
2025-11-27 14:47:57,954 - INFO - Updated item {'id': '51f5818db7d745dc8c9e8e547b1628ee'}
2025-11-27 14:47:58,132 - INFO - Updated item {'id': '6f90c8f0896a429591bfd8d188f8cbc8'}
2025-11-27 14:47:58,307 - INFO - Updated item {'id': 'b4cf87c8b2c2418abf3ca1cae849c513'}
2025-11-27 14:47:58,479 - INFO - Updated item {'id': '51fd541c95f14eb688be098cb862a54c'}
2025-11-27 14:47:58,659 - INFO - Updated item {'id': '85d9ff135d164b47bf33983795d60b74'}
2025-11-27 14:47:58,828 - INFO - Updated item {'id': 'ba0c8623d63e4839a395afc972c4398f'}
2025-11-27 14:47:58,997 - INFO - Updated item {'id': 'f9aa4326d9724018af4b6e3e8aee1d05'}
2025-11-27 14:47:59,170 - INFO - Updated item {'id': '034f175f841245179a622b9df1d7c751'}
2025-11-27 14:47:59,343 - INFO - Updated item {'id': 'dd00b553cdd64f6da241ffdaefdac16e'}
2025-11-27 14:47:59,511 - INFO - Updated item {'id': '71f04009b009427c84218ff0cd049b4e'}
2025-11-27 14:47:59,686 - INFO - Updated item {'id': 'f55bbdb2c1b64e36846fce302d8fb36e'}
2025-11-27 14:47:59,859 - INFO - Updated item {'id': '287766c7ae5e433c891e2421bf4cca7a'}
2025-11-27 14:48:00,032 - INFO - Updated item {'id': '4e860ea212ed4168b3142e680f329a6e'}
2025-11-27 14:48:00,205 - INFO - Updated item {'id': 'c8217d6968dc4dc1bf65c7987f494e5d'}
2025-11-27 14:48:00,381 - INFO - Updated item {'id': '70af3ea227ad4ad6b7595a6f07e22d22'}
2025-11-27 14:48:00,570 - INFO - Updated item {'id': '328b15e5a67a4eeeb528e3305dc576f1'}
2025-11-27 14:48:00,740 - INFO - Updated item {'id': '8bf600a6bc584953b1cb08ff2f092f3b'}
2025-11-27 14:48:00,907 - INFO - Updated item {'id': '44f653497b0b4599935358cbffd77a2d'}
2025-11-27 14:48:01,082 - INFO - Updated item {'id': 'e68afbad112d4f5b96a71f63b3c49c99'}
2025-11-27 14:48:01,252 - INFO - Updated item {'id': '882fc0b8de6e45679e9a07e4194bfd4f'}
2025-11-27 14:48:01,422 - INFO - Updated item {'id': 'a6da5169cc3b4eba91f2565ee1f078ff'}
2025-11-27 14:48:01,595 - INFO - Updated item {'id': '6eec6858c00b4bb896e2a38a540f5452'}
2025-11-27 14:48:01,767 - INFO - Updated item {'id': '52f74a8c02f34684b71355f0e9b5a688'}
2025-11-27 14:48:01,940 - INFO - Updated item {'id': 'f9353b261e90488699069ee514dd7985'}
2025-11-27 14:48:02,112 - INFO - Updated item {'id': '82c9a433c1af462ea3a9de5a1eb2f2ea'}
2025-11-27 14:48:02,283 - INFO - Updated item {'id': 'e3597d3ea7d1404589b78902ad4a45c3'}
2025-11-27 14:48:02,466 - INFO - Updated item {'id': '667c41ab2262420b8a8a821c9a801a67'}
2025-11-27 14:48:02,639 - INFO - Updated item {'id': '8b658081bbf045578a919040baec01cb'}
2025-11-27 14:48:02,811 - INFO - Updated item {'id': '11d32c0b4e194a78bb97f17bd0862e7b'}
2025-11-27 14:48:02,991 - INFO - Updated item {'id': '5a31e4f554a94ca09bc50bcd1cb88a81'}
2025-11-27 14:48:03,165 - INFO - Updated item {'id': '3793438af9db4c369b3f58453f4db6b6'}
2025-11-27 14:48:03,336 - INFO - Updated item {'id': 'c82a83c439394998bd25efb757354854'}
2025-11-27 14:48:03,509 - INFO - Updated item {'id': 'bc4289ab963a47058ccdcee501d2c1da'}
2025-11-27 14:48:03,677 - INFO - Updated item {'id': '927ea46038e14aeb8d7b82d15409e51b'}
2025-11-27 14:48:03,847 - INFO - Updated item {'id': '401233d8398849b59c7dcef16c8ec857'}
2025-11-27 14:48:04,013 - INFO - Updated item {'id': 'fa4dc6a3ed844a7587b617254f4c6cca'}
2025-11-27 14:48:04,183 - INFO - Updated item {'id': '3c3369c137814bca800fcdf3f6cbe28c'}
2025-11-27 14:48:04,361 - INFO - Updated item {'id': '39cbda4aaf4344ccb5f4ba88ee2014ae'}
2025-11-27 14:48:04,529 - INFO - Updated item {'id': '86bccbf4ef5447b6a1b4ef2711e79575'}
2025-11-27 14:48:04,700 - INFO - Updated item {'id': '94345fc87b3143f7b1c600980301cac7'}
2025-11-27 14:48:04,867 - INFO - Updated item {'id': 'bdcab694e2eb45a5a68655c1559f1cda'}
2025-11-27 14:48:05,035 - INFO - Updated item {'id': 'd3bd05f50f1e4c9190bdf15b4c055817'}
2025-11-27 14:48:05,208 - INFO - Updated item {'id': 'd24ab7d89440464ab26162285b712cf5'}
2025-11-27 14:48:05,378 - INFO - Updated item {'id': 'a2db8d9ff48840209c30bc04da1feb32'}
2025-11-27 14:48:05,545 - INFO - Updated item {'id': '94e8306cd864463e8866c36ef0c9419b'}
2025-11-27 14:48:05,713 - INFO - Updated item {'id': '46c148cb5be74ffab596129f257be874'}
2025-11-27 14:48:05,887 - INFO - Updated item {'id': 'e6fb91296d344229ad003a3c969a5b98'}
2025-11-27 14:48:06,061 - INFO - Updated item {'id': '352af7a3e71c49a3aa1c95af22858043'}
2025-11-27 14:48:06,234 - INFO - Updated item {'id': 'a2b4bf715f5445f9ac0e1fdf96fc7491'}
2025-11-27 14:48:06,405 - INFO - Updated item {'id': '108725f365734e209f26f3a4ab18542a'}
2025-11-27 14:48:06,577 - INFO - Updated item {'id': '2b71c9e4b91c43ec9dd43d42aece4cdd'}
2025-11-27 14:48:06,748 - INFO - Updated item {'id': '9a7898c98b7e4a93afffd7f8cb48db07'}
2025-11-27 14:48:06,927 - INFO - Updated item {'id': '228450fdd9e3408ba513ab9a46f329fb'}
2025-11-27 14:48:07,101 - INFO - Updated item {'id': 'b149af369cca4bb79daf7f57226c021b'}
2025-11-27 14:48:07,286 - INFO - Updated item {'id': 'ff0938db004440c99d7e6d25e361d30b'}
2025-11-27 14:48:07,455 - INFO - Updated item {'id': '4d7ca8a766d340f6a15e86c9c8a0ac7a'}
2025-11-27 14:48:07,628 - INFO - Updated item {'id': 'e741069e066b46acab56f69fa774c19e'}
2025-11-27 14:48:07,809 - INFO - Updated item {'id': '5006e05fa06e4994a6446a228125e06c'}
2025-11-27 14:48:07,990 - INFO - Updated item {'id': 'd5ba4659ea75476c87dc382084ec88a5'}
2025-11-27 14:48:08,161 - INFO - Updated item {'id': '62e450b41bc84870ae6ac382f91926e6'}
2025-11-27 14:48:08,334 - INFO - Updated item {'id': 'b1f46a4699c04645b3f3583bf4db4ab3'}
2025-11-27 14:48:08,513 - INFO - Updated item {'id': '2215015c12724bc7b1132ea5c9a50d1a'}
2025-11-27 14:48:08,691 - INFO - Updated item {'id': '7a926802052041efb268c23c494e589b'}
2025-11-27 14:48:08,864 - INFO - Updated item {'id': '94776d4213754f918c1659b6c9f57d0b'}
2025-11-27 14:48:09,040 - INFO - Updated item {'id': '11b2ccf381e14fd383c70cc3965b33bf'}
2025-11-27 14:48:09,215 - INFO - Updated item {'id': 'ee682a8cf5404e2a891add4113cf0434'}
2025-11-27 14:48:09,387 - INFO - Updated item {'id': '5cdd0c51262d4142b1d9a4994ef87323'}
2025-11-27 14:48:09,558 - INFO - Updated item {'id': 'f96c41f43e7041f19a821bd46a6fd2f3'}
2025-11-27 14:48:09,742 - INFO - Updated item {'id': '2930ac7295c44104b640f72757a97f54'}
2025-11-27 14:48:09,915 - INFO - Updated item {'id': '823e8156a8654fabb535603b8a458e17'}
2025-11-27 14:48:10,090 - INFO - Updated item {'id': '0d3f641d4c2048a28d91b33abfccd6da'}
2025-11-27 14:48:10,268 - INFO - Updated item {'id': '0ce6bb62319a4e1a9e250dbf57028119'}
2025-11-27 14:48:10,442 - INFO - Updated item {'id': '203a1dd203954d7fadc6b962bda23b5b'}
2025-11-27 14:48:10,615 - INFO - Updated item {'id': '52e12e1c91e94923bff0dd8408030dbf'}
2025-11-27 14:48:10,793 - INFO - Updated item {'id': 'a50b2de264ce463fba81f8866f9a13b0'}
2025-11-27 14:48:10,973 - INFO - Updated item {'id': 'ae75ab4f9ce0419994dbbdd6d3407010'}
2025-11-27 14:48:11,153 - INFO - Updated item {'id': '6545bafa4ea941719ad996b9778e9a1d'}
2025-11-27 14:48:11,323 - INFO - Updated item {'id': '213fa1ba950940809d2f1b898a2cf1b8'}
2025-11-27 14:48:11,493 - INFO - Updated item {'id': '300b738e5e9c47c58229ff58d35787b1'}
2025-11-27 14:48:11,669 - INFO - Updated item {'id': '3a78f975df4d48899b1248139ddbf24a'}
2025-11-27 14:48:11,838 - INFO - Updated item {'id': 'fdaf117fb2a944c0b6e5bedce1841309'}
2025-11-27 14:48:12,004 - INFO - Updated item {'id': 'd582394349074ba68d0a291fbbd61061'}
2025-11-27 14:48:12,171 - INFO - Updated item {'id': '53d45d4747e94fb78a1599fa6eb4917f'}
2025-11-27 14:48:12,338 - INFO - Updated item {'id': '99fb38bd68834452a7330d1708b7d178'}
2025-11-27 14:48:12,506 - INFO - Updated item {'id': '818645ddfe964cee9c83ef2652fe8137'}
2025-11-27 14:48:12,684 - INFO - Updated item {'id': 'd38ee0a0c78a4830be6955d93e2a4cfa'}
2025-11-27 14:48:12,851 - INFO - Updated item {'id': '75278c9845234d04a76b857bbda75d47'}
2025-11-27 14:48:13,018 - INFO - Updated item {'id': '87a4daa3d83442e7adee63720018a297'}
2025-11-27 14:48:13,186 - INFO - Updated item {'id': '8287d70351734a938e78371ef5c41eaa'}
2025-11-27 14:48:13,354 - INFO - Updated item {'id': '38deedb8f0694c6c93af7374fc0c2df4'}
2025-11-27 14:48:13,522 - INFO - Updated item {'id': '536a8d8cf01243fdb301cc58081ddc83'}
2025-11-27 14:48:13,692 - INFO - Updated item {'id': '84a3a1bbf40948b38bd34c9a7a9bbc97'}
2025-11-27 14:48:13,862 - INFO - Updated item {'id': '5a6eff088f4e4486b4a439aea8ff87f0'}
2025-11-27 14:48:14,045 - INFO - Updated item {'id': 'f241bd8f866b41ed9dafbcc608beb835'}
2025-11-27 14:48:14,212 - INFO - Updated item {'id': '94bc5f81edfd42a38bd03c1bb232bdcb'}
2025-11-27 14:48:14,389 - INFO - Updated item {'id': 'bbeb9a320b62479ba93c9ea71c7ba488'}
2025-11-27 14:48:14,559 - INFO - Updated item {'id': '73576045bdab40229fccff6e64839082'}
2025-11-27 14:48:14,736 - INFO - Updated item {'id': '5cbc2d05ffd54830a068a8de8c191a2d'}
2025-11-27 14:48:14,911 - INFO - Updated item {'id': '5add17d32b074a7fb5e914ec1dc20175'}
2025-11-27 14:48:15,081 - INFO - Updated item {'id': 'd0ef65685e224bd5a6ada31a68a9026b'}
2025-11-27 14:48:15,252 - INFO - Updated item {'id': '88c6b45b0bfc4d21b895d580902f4c55'}
2025-11-27 14:48:15,419 - INFO - Updated item {'id': '66833f4c58ec4e31a10b0967a28995d8'}
2025-11-27 14:48:15,587 - INFO - Updated item {'id': 'f0885c1a89ec4a3fa231412c2c2fcf42'}
2025-11-27 14:48:15,760 - INFO - Updated item {'id': '7887b2d4b96f44918033264020b14949'}
2025-11-27 14:48:15,926 - INFO - Updated item {'id': 'f903a834716241909b9f71e06006b796'}
2025-11-27 14:48:16,099 - INFO - Updated item {'id': '942461566c4848d28fe9c22d6aa4396c'}
2025-11-27 14:48:16,275 - INFO - Updated item {'id': '115413467e17492fa3926fca56b83748'}
2025-11-27 14:48:16,450 - INFO - Updated item {'id': 'c4c84f87624f43af80ccf92c64d25fff'}
2025-11-27 14:48:16,627 - INFO - Updated item {'id': 'a14d3912f3794fa6b6135ef7cdb4307d'}
2025-11-27 14:48:16,798 - INFO - Updated item {'id': '3cbff8375fab424eaa8242b902a47030'}
2025-11-27 14:48:16,977 - INFO - Updated item {'id': 'b4958d5709a44f25881bd8b3b330af7b'}
2025-11-27 14:48:17,157 - INFO - Updated item {'id': 'e32d77341fec4a258db00d1d484fb1ee'}
2025-11-27 14:48:17,328 - INFO - Updated item {'id': '5389389b03e1400199f4411d4c56b0eb'}
2025-11-27 14:48:17,502 - INFO - Updated item {'id': '9ba772d2f68747babf6634dd32f4a074'}
2025-11-27 14:48:17,676 - INFO - Updated item {'id': '0662770d4b6d41b38025a3f8bb538302'}
2025-11-27 14:48:17,844 - INFO - Updated item {'id': 'd6515bee748545eb8814bf9ce429bab4'}
2025-11-27 14:48:18,016 - INFO - Updated item {'id': '4ec7e189f5f5482684336dafa642b03d'}
2025-11-27 14:48:18,191 - INFO - Updated item {'id': 'e6b8df95f4994b14a8f0850cf3a691ab'}
2025-11-27 14:48:18,366 - INFO - Updated item {'id': '752f5b1e430142ae89f24c85b297b36c'}
2025-11-27 14:48:18,539 - INFO - Updated item {'id': 'bdccf3822ac946ea9956076e51cb714c'}
2025-11-27 14:48:18,715 - INFO - Updated item {'id': '76c1c769001b48a09101d6de8dc36c34'}
2025-11-27 14:48:18,891 - INFO - Updated item {'id': '51d9dc25922240639a736d7e76765d1e'}
2025-11-27 14:48:19,069 - INFO - Updated item {'id': 'e89f5311859d4f51ab60b839ddb34f46'}
2025-11-27 14:48:19,240 - INFO - Updated item {'id': 'a9f1ee21762b47f494c7b8abd270ca33'}
2025-11-27 14:48:19,417 - INFO - Updated item {'id': 'a209321ba161473f88cff9b1bb14c850'}
2025-11-27 14:48:19,588 - INFO - Updated item {'id': 'b357d2d9137d41d6b4511eda5a153e19'}
2025-11-27 14:48:19,759 - INFO - Updated item {'id': 'ba156ec85f504e9e96270114cc91d1e0'}
2025-11-27 14:48:19,931 - INFO - Updated item {'id': '9e6c00d051384284b2a2a1d8c81f25ce'}
2025-11-27 14:48:20,098 - INFO - Updated item {'id': 'd5c30868fdfc4545998c824e20dbc800'}
2025-11-27 14:48:20,266 - INFO - Updated item {'id': '6e9882d0c5574feaaae202988372535c'}
2025-11-27 14:48:20,434 - INFO - Updated item {'id': '90aa3c0634574823b32cf71f852fdcba'}
2025-11-27 14:48:20,603 - INFO - Updated item {'id': '978a0d0cb2f54e2fab92a6eaea05cdf5'}
2025-11-27 14:48:20,769 - INFO - Updated item {'id': 'd14063c44fcf48418bb52c3b5c9fcaca'}
2025-11-27 14:48:20,943 - INFO - Updated item {'id': '90400d279834439d8fd3a09f1ccba3c8'}
2025-11-27 14:48:21,112 - INFO - Updated item {'id': '5486d98b25d14e5592db6db09acad414'}
2025-11-27 14:48:21,280 - INFO - Updated item {'id': '5e94867abb9a4dadbb6a204e6710d805'}
2025-11-27 14:48:21,453 - INFO - Updated item {'id': '2bb0ed58b618442bbfcd16b796080ab0'}
2025-11-27 14:48:21,622 - INFO - Updated item {'id': '63dc05eed42e434581b839fe58a93a9d'}
2025-11-27 14:48:21,795 - INFO - Updated item {'id': '0a37199bab274074bdedff6256cdd6e7'}
2025-11-27 14:48:21,969 - INFO - Updated item {'id': 'acdb176a4c104a7e948e694e0ff3e7b1'}
2025-11-27 14:48:22,137 - INFO - Updated item {'id': '4b580cc71dc940f2a1d9fb1748a56a08'}
2025-11-27 14:48:22,308 - INFO - Updated item {'id': '61e690ea03dc4061b9421387fd227d4f'}
2025-11-27 14:48:22,475 - INFO - Updated item {'id': 'e01de1d5415d4a07a34839dfd971d768'}
2025-11-27 14:48:22,643 - INFO - Updated item {'id': 'a5d4e261669a4fb1a78ea57333a57258'}
2025-11-27 14:48:22,812 - INFO - Updated item {'id': '7406807c63b94d7080d38eba2a3e1242'}
2025-11-27 14:48:22,985 - INFO - Updated item {'id': 'ede8c69783bd4af3a50c0f48f93bbb1c'}
2025-11-27 14:48:23,155 - INFO - Updated item {'id': 'e8292523d45e499e8e0e3a4a988d23b6'}
2025-11-27 14:48:23,321 - INFO - Updated item {'id': 'fc5747332f224552b8088cc7b521a155'}
2025-11-27 14:48:23,496 - INFO - Updated item {'id': '1ae21712b98649ebad598866eba7490c'}
2025-11-27 14:48:23,675 - INFO - Updated item {'id': '0825592cbd434762b44432dc5def1b5b'}
2025-11-27 14:48:23,847 - INFO - Updated item {'id': 'e58c78c37ac543998c31454f70da681b'}
2025-11-27 14:48:24,021 - INFO - Updated item {'id': 'b4532ca7c421443684c77f4dd45fd758'}
2025-11-27 14:48:24,195 - INFO - Updated item {'id': 'b04d94fad5e84a79b5b50a1152764f46'}
2025-11-27 14:48:24,368 - INFO - Updated item {'id': '3888f818b60047ef8e7bd9d690cc4c2e'}
2025-11-27 14:48:24,538 - INFO - Updated item {'id': '5d8e2c7306ab4ff689f3e9ad0448a956'}
2025-11-27 14:48:24,712 - INFO - Updated item {'id': '134c8af756bb46dca65a4e89b2cfae95'}
2025-11-27 14:48:24,887 - INFO - Updated item {'id': '84b0110048e94982b157da28dee9f53d'}
2025-11-27 14:48:25,063 - INFO - Updated item {'id': '5110900135fd4017bb014ac1415964be'}
2025-11-27 14:48:25,235 - INFO - Updated item {'id': 'aad0c11ac4cc43efb5f43be6b38663b3'}
2025-11-27 14:48:25,406 - INFO - Updated item {'id': '634d7e10d9b1412c91af1ae1be65292e'}
2025-11-27 14:48:25,592 - INFO - Updated item {'id': 'c2a2dc7c6def48be91c6fe4412b4f74e'}
2025-11-27 14:48:25,771 - INFO - Updated item {'id': 'c72f5a138f1b459cbbca7368368e7995'}
2025-11-27 14:48:25,947 - INFO - Updated item {'id': '0c45078ede524fc1bd862d7b14b50a4b'}
2025-11-27 14:48:26,128 - INFO - Updated item {'id': 'b38c6991ffc9442fb77110aaae0a2fd3'}
2025-11-27 14:48:26,302 - INFO - Updated item {'id': '6ae410e75b864286be591a74e1037a86'}
2025-11-27 14:48:26,480 - INFO - Updated item {'id': '1e5568d6ccf64c018208d8f64d82a308'}
2025-11-27 14:48:26,659 - INFO - Updated item {'id': '07707b07450144e4ab0c921cf26c3f49'}
2025-11-27 14:48:26,836 - INFO - Updated item {'id': 'fd3c813e2dd84faeb0570fa76f3e3489'}
2025-11-27 14:48:27,002 - INFO - Updated item {'id': '23887ddd7ae0495e9ca784f23d23601e'}
2025-11-27 14:48:27,177 - INFO - Updated item {'id': '0fcf4ec45a9d4b30a8030d4f7cffee33'}
2025-11-27 14:48:27,347 - INFO - Updated item {'id': 'e0371c9a3d734a5986be8477d173e2e6'}
2025-11-27 14:48:27,522 - INFO - Updated item {'id': '5aabb14054f34d4a8a194870020cb7fd'}
2025-11-27 14:48:27,694 - INFO - Updated item {'id': '587e77fd8ff943709e43e23c45cf597d'}
2025-11-27 14:48:27,863 - INFO - Updated item {'id': '1dc0b980076d443d87849d98c1dd37ab'}
2025-11-27 14:48:28,034 - INFO - Updated item {'id': '51e5c07f5bbf43b893bbe1ddc3730c62'}
2025-11-27 14:48:28,202 - INFO - Updated item {'id': 'c84ac8c941c742a08148c850c118e386'}
2025-11-27 14:48:28,373 - INFO - Updated item {'id': '79467ab3f0994194a5a17550ec7f84da'}
2025-11-27 14:48:28,541 - INFO - Updated item {'id': 'd1b64daf990e4afb8ea8f4320e83f7d9'}
2025-11-27 14:48:28,709 - INFO - Updated item {'id': '5a116daeff4042ba8e9d64c3420b4bc8'}
2025-11-27 14:48:28,879 - INFO - Updated item {'id': '6a466e2cfeb64aad9f7b3e52af0efdbe'}
2025-11-27 14:48:29,048 - INFO - Updated item {'id': '0a92012c498946a196d8f2e74fc144c8'}
2025-11-27 14:48:29,219 - INFO - Updated item {'id': '52c10d693416485eb752f11159c60725'}
2025-11-27 14:48:29,386 - INFO - Updated item {'id': '11cd0ad98b8c41369db68ec9e07ab3c1'}
2025-11-27 14:48:29,552 - INFO - Updated item {'id': '1da227eb440e403191532ba66181179d'}
2025-11-27 14:48:29,724 - INFO - Updated item {'id': 'cc48281d5ce94f94b9155b151aad0186'}
2025-11-27 14:48:29,894 - INFO - Updated item {'id': '37d3df6d64ce402484b52fd9b249ec8c'}
2025-11-27 14:48:30,063 - INFO - Updated item {'id': 'a02dc3b69af7453d98e62f3f78571f39'}
2025-11-27 14:48:30,236 - INFO - Updated item {'id': '645fd1ad91044bdf84ccf7f8c9319345'}
2025-11-27 14:48:30,410 - INFO - Updated item {'id': '97d9da7399564d499b20e2e5119857cc'}
2025-11-27 14:48:30,577 - INFO - Updated item {'id': 'd52d83e717134e1b817eeb8ceabd5c38'}
2025-11-27 14:48:30,746 - INFO - Updated item {'id': '80587a124257495b9f7b13c5abb54fb9'}
2025-11-27 14:48:30,918 - INFO - Updated item {'id': '889591c9aa664a948cabc77225b5aaee'}
2025-11-27 14:48:31,091 - INFO - Updated item {'id': '8ede0eb34b2446bd9b7414d1b3c1ba55'}
2025-11-27 14:48:31,266 - INFO - Updated item {'id': 'a17735de8107486cb4a907da649b17f8'}
2025-11-27 14:48:31,440 - INFO - Updated item {'id': 'fe80851c811b469db163cd9adb7b4f24'}
2025-11-27 14:48:31,607 - INFO - Updated item {'id': '8910291a43d94e908583cde60aa5adb7'}
2025-11-27 14:48:31,613 - INFO - Scanning table JmanageInfraStack-Tour5C62FF13-A2SG6KLPLG9K...
2025-11-27 14:48:34,982 - INFO - Updated item {'id': '36226185c6be480da5e2ddf47ba919e9'}
2025-11-27 14:48:35,158 - INFO - Updated item {'id': '9f52a101f0d74bfd8befa49c777e2fb3'}
2025-11-27 14:48:35,341 - INFO - Updated item {'id': '28ce86e1d9134fb29f9256836a7b8ae9'}
2025-11-27 14:48:35,518 - INFO - Updated item {'id': '61b7b19aa28a4ac0aa9498bb56d77c86'}
2025-11-27 14:48:35,534 - INFO - Scanning table JmanageInfraStack-Product896941B4-19E06EJP7OTDI...
2025-11-27 14:48:35,709 - INFO - Scanning table JmanageInfraStack-User00B015A1-1SWSW3IIXD01F...
2025-11-27 14:48:36,242 - INFO - Updated item {'id': 'abbf3aba-02f3-43c9-a6cb-8fb97c5f6c84'}
2025-11-27 14:48:36,412 - INFO - Updated item {'id': 'fbb4d8f9-a3e3-4e60-812a-71776151e14f'}
2025-11-27 14:48:36,580 - INFO - Updated item {'id': '60e78a86-9400-4103-adb0-3b03c3d41532'}
2025-11-27 14:48:36,749 - INFO - Updated item {'id': '62b21df2-17eb-410a-a25e-e47c2a9d4e15'}
2025-11-27 14:48:36,918 - INFO - Updated item {'id': '390260c9-611d-4df7-b401-b9dba086ff6f'}
2025-11-27 14:48:37,087 - INFO - Updated item {'id': 'c6362a3d-18b2-457e-b6f9-8781e1ab6ec2'}
2025-11-27 14:48:37,257 - INFO - Updated item {'id': '8be45b5e-2a3a-4640-97fb-f8613e86c44f'}
2025-11-27 14:48:37,426 - INFO - Updated item {'id': '5fda081b-23dc-41f3-b49c-60e8ded410a7'}
2025-11-27 14:48:37,598 - INFO - Updated item {'id': 'f322a936-b61d-4578-84e6-47b38d9c3ac4'}
2025-11-27 14:48:37,767 - INFO - Updated item {'id': '4aa1c8b8-1792-4f21-9ef8-2c9d8145b587'}
2025-11-27 14:48:37,941 - INFO - Updated item {'id': '477c910a-c7ff-4e3c-8d73-8e3edbbd6ed4'}
2025-11-27 14:48:38,116 - INFO - Updated item {'id': 'd6703ac9-2504-4193-b851-e5d2e521a621'}
2025-11-27 14:48:38,299 - INFO - Updated item {'id': '657c0a0f-b8d1-4be6-9ed9-92a6ac4430b3'}
2025-11-27 14:48:38,473 - INFO - Updated item {'id': '25b81b0f-9202-4556-bc4b-e79c8bbd9d0c'}
2025-11-27 14:48:38,645 - INFO - Updated item {'id': 'f89f702a-c52a-4b4a-a9ad-e3840ee7615c'}
2025-11-27 14:48:38,830 - INFO - Updated item {'id': '234a633b-01fd-46af-9673-19cdd15fe09a'}
2025-11-27 14:48:39,008 - INFO - Updated item {'id': 'eb839507-ebf2-4127-8b09-fa9d63a59be5'}
2025-11-27 14:48:39,183 - INFO - Updated item {'id': 'a29dad38-ed19-47d6-ace3-c84c1f2435d7'}
2025-11-27 14:48:39,360 - INFO - Updated item {'id': 'c37c3b4f-5bc2-47b5-b905-a44b5a569fa0'}
2025-11-27 14:48:39,533 - INFO - Updated item {'id': 'b24bd02c-a05e-4227-9860-77415d33c48b'}
2025-11-27 14:48:39,706 - INFO - Updated item {'id': 'e0487eba-59af-4090-afe4-36a10938aaf0'}
2025-11-27 14:48:39,874 - INFO - Updated item {'id': 'e74e5ed8-5a10-409e-80cd-ed0ce73e4480'}
2025-11-27 14:48:40,048 - INFO - Updated item {'id': '3e8e8fd4-ffcf-4be7-9491-63388978d50d'}
2025-11-27 14:48:40,218 - INFO - Updated item {'id': '41e6fc61-155a-40f8-a256-ca36a1d27883'}
2025-11-27 14:48:40,392 - INFO - Updated item {'id': '044a2fb1-5d00-4f1b-83dd-8059f3250889'}
2025-11-27 14:48:40,571 - INFO - Updated item {'id': '37b3f2a3-8dbc-4399-9ae1-2793c1998d44'}
2025-11-27 14:48:40,743 - INFO - Updated item {'id': 'e9f077e6-6742-4c34-9064-40a88e35784b'}
2025-11-27 14:48:40,917 - INFO - Updated item {'id': '8394f489-07d3-41e7-ad9c-5301d3656b19'}
2025-11-27 14:48:41,085 - INFO - Updated item {'id': '2a8397d8-adf1-448f-a828-19fc4dc94379'}
2025-11-27 14:48:41,253 - INFO - Updated item {'id': 'efbfa089-818f-4d05-a99a-be2cf2188dce'}
2025-11-27 14:48:41,420 - INFO - Updated item {'id': '775b56a0-dba5-44cd-82a2-7196c455aa49'}
2025-11-27 14:48:41,596 - INFO - Updated item {'id': '84e403f3-1bc9-48c7-97d1-404936464d58'}
2025-11-27 14:48:41,769 - INFO - Updated item {'id': '20b7c8ce-432f-4fec-b6b9-88fb6f4cd13f'}
2025-11-27 14:48:41,770 - INFO - ================================================================================
2025-11-27 14:48:41,770 - INFO - DB MIGRATION SUMMARY
2025-11-27 14:48:41,770 - INFO - ================================================================================
2025-11-27 14:48:41,770 - INFO - Total scanned: 1262
2025-11-27 14:48:41,770 - INFO - Total updated: 857
2025-11-27 14:48:41,770 - INFO - Total skipped: 405
2025-11-27 14:48:41,770 - INFO - Total errors: 0
