
============================================================
📊 Application Usage Report
   Generated: 2026-02-19 07:59:02 UTC
   Period: January 2026 – February 2026
============================================================

👥 Loading users...

────────────────────────────────────────────────────────────
1️⃣  USERS CREATED SINCE JANUARY 2026
────────────────────────────────────────────────────────────
   Total users in system: 120
   Created since January: 20

   • Luis Felipe  Correa  (luiscorrea1110@gmail.com) — 2026-01-13
   • Pablo Gutiérrez (pablogu3@gmail.com) — 2026-01-06
   • Miguel Chivata (pcangelm@gmail.com) — 2026-01-22
   • Jesús Barragán (est.jesus.barragan@unimilitar.edu.co) — 2026-01-06
   • Nicolás  Castro  (nicolascastro99@gmail.com) — 2026-01-23
   • Lizeth Garcia (juqncho1996+lizzy@gmail.com) — 2026-01-19
   • Diego Fernando  Diaz Alonso  (dfdiaza@gmail.com) — 2026-02-14
   • LAURENT ANDRES CORREDOR MONROY (laurent.corredor@outlook.com) — 2026-01-29
   • Cristian Camilo Reina Orozco (cristiankmilor@gmail.com) — 2026-01-07
   • Juan Diego Munevar Robles (juandiegoe.9@gmail.com) — 2026-02-13
   • Laura Donoso (lauradonoso7@gmail.com) — 2026-01-06
   • Martin Elias Samudio Montes (martinelimusic@gmail.com) — 2026-01-23
   • Carlos  Godoy  (carlitosgodoy0010@gmail.com) — 2026-01-28
   • Santiago Cubillos Prada (santiagocubillosprada@gmail.com) — 2026-02-12
   • William Guillermo Rivera Báez (guillermo16041996@gmail.com) — 2026-01-23
   • Yazmin Acuña (yazmin.lap13@gmail.com) — 2026-01-22
   • Pedro  Duarte (pa.duarte575@uniandes.edu.co) — 2026-02-07
   • Javier Aguirre (ja.aguirre1@hotmail.com) — 2026-01-20
   • Diego Blanco (blancodiego.ruiz@gmail.com) — 2026-01-13
   • Sharon  Contreras  (sharondayanne@hotmail.com) — 2026-02-10

────────────────────────────────────────────────────────────
2️⃣  USERS WITH CALENDAR EVENT PARTICIPATION
────────────────────────────────────────────────────────────
📅 Loading calendar events...
   Total calendar events:         34
   Events with participants:      34
   Unique users who participated: 79

   • Abdulh Daza (ID: 84e403f3-1bc9-48c7-97d1-404936464d58)
   • Adrian Villalba (ID: 3e8e8fd4-ffcf-4be7-9491-63388978d50d)
   • Alejandro Archila (ID: eb839507-ebf2-4127-8b09-fa9d63a59be5)
   • Alejandro Sandoval (ID: 7395b3da-52c0-4213-80e6-7fb34e66bd80)
   • Ana María  Piraján (ID: 3ef577ce-fa47-4f07-b3df-7375e9472dde)
   • Ana Sofia  Paredes (ID: c3e3a860-b45f-4218-b351-3dd2575c2d32)
   • Andres  Diaz (ID: 2203eae8-a5c2-4068-996a-59612b7683d5)
   • Andres Barreto (ID: 98efe154-8204-490d-9309-a8a878a260bf)
   • Andres Camacho (ID: d59a221d-1dd8-4fd7-8c66-8cbe36c2b020)
   • Andres Felipe Cortes Salazar (ID: 8076fa10-fcd3-4d09-bc13-2a71dc2734c9)
   • Andres Felipe Guevara Rubio (ID: e0487eba-59af-4090-afe4-36a10938aaf0)
   • Andres cuesta (ID: c61f11ec-f2fc-4e58-92b4-5b4a04e629c6)
   • Andrés Felipe  Cuadrado Torres (ID: 70bde4c6-92ce-4be8-980f-e834d6a372c5)
   • Brayan Santana Alvarado (ID: c1688adb-03b9-416c-895a-ae3d63a79352)
   • Camila Chiquiza (ID: c6362a3d-18b2-457e-b6f9-8781e1ab6ec2)
   • Camilo Arango (ID: 003e17e6-d9c2-4334-9d85-5863c2fe7651)
   • Camilo Arbey Cuadros Mendez (ID: 15f658c1-8977-4948-b9e7-e25eee61bca0)
   • Camilo Caro (ID: 41e6fc61-155a-40f8-a256-ca36a1d27883)
   • Carlos Castellanos (ID: 9e5dcd97-5ac9-48ae-a27e-2be7ad31fbe9)
   • Carlos Godoy (ID: f648ecd7-b4ac-414a-8149-6987b5345a8e)
   • Carmiña Alemán Martínez  (ID: 42395f00-a919-4a75-b634-ac23598f838d)
   • Cristian Camilo Reina Orozco (ID: e110010f-c7fb-4b16-ad54-f44026aed9f9)
   • Cristian Gomez (ID: 234a633b-01fd-46af-9673-19cdd15fe09a)
   • Cristian Lozano (ID: 5f8980f9-3992-4703-a8f8-0b84067c5e36)
   • Cristian Medina  (ID: f89f702a-c52a-4b4a-a9ad-e3840ee7615c)
   • Cristina Perez (ID: e74e5ed8-5a10-409e-80cd-ed0ce73e4480)
   • Daniel Felipe  Mejia Quiroga  (ID: d6c3dc9f-17c9-4e02-8b86-d61633df4141)
   • Daniel Rodriguez (ID: efbfa089-818f-4d05-a99a-be2cf2188dce)
   • Diego Fernando Diaz Alonso (ID: 575ef41b-14e5-4802-a0d6-4ec16e6f3fd3)
   • Diego Ortiz (ID: 60e78a86-9400-4103-adb0-3b03c3d41532)
   • Dina Noemi Ruiz Barrera (ID: d2f6848b-6edb-4af1-9ff2-4cf96771a369)
   • Felipe Morales (ID: abd46283-d99a-447b-ab02-e4c3b405f313)
   • Isabella Palacio (ID: 044a2fb1-5d00-4f1b-83dd-8059f3250889)
   • Javier Aguirre (ID: 400cdc15-1e5f-4753-866d-1ce89d6092fd)
   • Jesús Barragán (ID: c14fc89d-aab7-4b81-958c-3dd7dd35b8ac)
   • Jonathan Mindiola (ID: 8be45b5e-2a3a-4640-97fb-f8613e86c44f)
   • Jorge Corredor (ID: 3b1b6f5d-ec31-4751-9a5e-9b49e1c052e1)
   • Juan David Rodriguez (ID: d6703ac9-2504-4193-b851-e5d2e521a621)
   • Juan Diego Munevar Robles (ID: a13f378e-8ea1-4294-8d5a-04dce1a315ca)
   • Juan Granados (ID: a294af97-a927-4a06-af6e-033def4bed7a)
   • Juan Quilaguy (ID: c37c3b4f-5bc2-47b5-b905-a44b5a569fa0)
   • Juana Remolina (ID: a10ff0c4-f469-4f7e-ba54-7cf64b2ffca8)
   • Julio Mejia (ID: 62b21df2-17eb-410a-a25e-e47c2a9d4e15)
   • Julián David  Iriarte Perdigon  (ID: 8d4a751b-0867-4718-a30c-16bb7315e2bc)
   • Karen Chaves (ID: 5fda081b-23dc-41f3-b49c-60e8ded410a7)
   • Karen Sofia Pedraza  (ID: d72df844-0a53-48cd-b4a8-3fb3f3127cd8)
   • LAURENT ANDRES CORREDOR MONROY (ID: ffb085cb-1423-4162-97d6-1296245e6afe)
   • Laura Donoso (ID: 5d0ec2fc-7d8f-4fdb-b963-f114a64b7a60)
   • Laura Rojas (ID: 2182138c-9d7e-423b-84a3-f9fc38f144d8)
   • Laura Suarez (ID: 25b81b0f-9202-4556-bc4b-e79c8bbd9d0c)
   • Leonardo Triviño Montenegro (ID: 83c5f865-bade-453d-8137-e14642e0e81f)
   • Luis Felipe Correa (ID: 2519bbba-4000-42af-9143-be8298d5b94e)
   • Luis Garcia (ID: b249a0fc-e126-4516-a624-ebf5be8de424)
   • Luisa Pineda (ID: b24bd02c-a05e-4227-9860-77415d33c48b)
   • Maria Camila Rivera  (ID: f0942eb1-8f16-4bcb-9278-dfc45aa4be3e)
   • Martin Elias Samudio Montes (ID: 11b8c2a8-b496-42c1-9ff7-be04e1fae27e)
   • María Paula  Montenegro (ID: 37b3f2a3-8dbc-4399-9ae1-2793c1998d44)
   • Mateo Medrano (ID: 1c0577a3-6de5-44a3-8347-697e988be10e)
   • Miguel Chivata (ID: 6f445936-6248-46a3-9c6b-ffac3a2c68a9)
   • Nicolas Gomez (ID: 390260c9-611d-4df7-b401-b9dba086ff6f)
   • Nicolás Esteban Rueda Obando (ID: 984b7ae0-e271-44f2-b3f1-f9e37b58b6a9)
   • Oscar  Aguilar (ID: c383fee0-3897-4869-998c-aae986a732d9)
   • Paula Andrea Sierra (ID: e9f077e6-6742-4c34-9064-40a88e35784b)
   • Pedro Duarte (ID: 1c9f1fd3-2766-413a-9478-480d727d8553)
   • Pedro Morales Orozco (ID: 657c0a0f-b8d1-4be6-9ed9-92a6ac4430b3)
   • Santiago Amortegui (ID: 34e8c257-d8b9-4db7-835f-d7b6d0b633df)
   • Santiago Cubillos Prada (ID: 76df31de-5e5b-4a03-8c9f-37405cb12161)
   • Santiago Gonzalez (ID: 8c826918-69e4-4b16-822f-d225d8d7231d)
   • Santiago Lozano (ID: ae6d5346-6c5b-4613-86f1-9c26a74f6a76)
   • Sergio Andrés  Tello Arias  (ID: 2c80b4a8-3614-4f06-93ce-e125145bcce6)
   • Sergio Senestrari  (ID: 20b7c8ce-432f-4fec-b6b9-88fb6f4cd13f)
   • Valentina Bello (ID: a29dad38-ed19-47d6-ace3-c84c1f2435d7)
   • Valerie Llanos (ID: 57f4c72d-f879-48d3-9b3a-a7b0f04be7b0)
   • Veronica Paz (ID: 8394f489-07d3-41e7-ad9c-5301d3656b19)
   • William Cabrera  (ID: 41959332-3e10-46c9-845f-c55bd330f64b)
   • William Guillermo Rivera Báez (ID: f7ea474a-aac5-4dc1-8dc8-aa66d8813c31)
   • Ximena  Parra Cristancho  (ID: 4992f290-68de-4405-ac73-07c18dd4ce5d)
   • Yazmin Acuña (ID: 1842894e-a508-4753-98f2-e1f814132e9d)
   • Yazmin Acuña (ID: 0d98c583-e6bc-4dc2-bc8e-6435d1f1e6fb)

────────────────────────────────────────────────────────────
3️⃣  USERS WITH PAYMENT REQUESTS (since January 2026)
────────────────────────────────────────────────────────────
💰 Loading payment requests...
   Total payment requests:                190
   Unique users with payment requests:    78

   • Dina Noemi Ruiz Barrera — 4 requests
   • Andres Barreto — 4 requests
   • Karen Chaves — 4 requests
   • Nicolas Gomez — 4 requests
   • Cristian Medina  — 4 requests
   • Leonardo Triviño Montenegro — 4 requests
   • Sergio Senestrari  — 4 requests
   • Juan Quilaguy — 4 requests
   • Camilo Caro — 3 requests
   • Santiago Lozano — 3 requests
   • Carlos Castellanos — 3 requests
   • Martin Elias Samudio Montes — 3 requests
   • Diego Ortiz — 3 requests
   • Javier Aguirre — 3 requests
   • William Guillermo Rivera Báez — 3 requests
   • Andres  Diaz — 3 requests
   • Andres Felipe Guevara Rubio — 3 requests
   • Cristian Lozano — 3 requests
   • Miguel Chivata — 3 requests
   • Andres Camacho — 3 requests
   • Brayan  Santana Alvarado  — 3 requests
   • Sergio Andrés  Tello Arias  — 3 requests
   • Laura Rojas — 3 requests
   • Alejandro Archila — 3 requests
   • Santiago  Amortegui — 3 requests
   • Jonathan Mindiola — 3 requests
   • Carmiña Alemán — 3 requests
   • William Cabrera  — 3 requests
   • Laura Donoso — 3 requests
   • Camilo Arango — 3 requests
   • Andres cuesta — 3 requests
   • Abdulh Daza — 3 requests
   • Andres Felipe Cortes Salazar — 3 requests
   • Felipe Morales — 3 requests
   • Pablo Gutiérrez — 2 requests
   • Yazmin Acuña — 2 requests
   • Diego Herrera — 2 requests
   • Paula Andrea Sierra — 2 requests
   • Juan Diego Munevar Robles — 2 requests
   • Jorge Corredor — 2 requests
   • Pedro  Duarte — 2 requests
   • Cristian Camilo Reina Orozco — 2 requests
   • Camila Chiquiza — 2 requests
   • María Paula  Montenegro — 2 requests
   • Valerie Llanos — 2 requests
   • Luisa Pineda — 2 requests
   • Jesús Barragán — 2 requests
   • Andrés Felipe  Cuadrado Torres — 2 requests
   • Mateo Medrano — 2 requests
   • Veronica Paz — 2 requests
   • Adrian Villalba — 2 requests
   • Julián David  Iriarte Perdigon  — 2 requests
   • Pedro Morales Orozco — 2 requests
   • Julio Mejia — 2 requests
   • Santiago Gonzalez — 2 requests
   • Nicolás Esteban Rueda Obando — 2 requests
   • Maria Camila Rivera  — 2 requests
   • Vivian Gómez — 2 requests
   • Daniel Felipe  Mejia Quiroga  — 2 requests
   • Karen Sofia Pedraza  — 2 requests
   • Ximena  Parra Cristancho  — 2 requests
   • Juan Granados — 2 requests
   • Cristina Perez — 2 requests
   • Santiago Cubillos Prada — 2 requests
   • Valentina Bello — 2 requests
   • Luis Felipe  Correa  — 2 requests
   • Isabella Palacio — 2 requests
   • Juana Remolina — 2 requests
   • Ana Sofia  Paredes — 2 requests
   • Oscar  Aguilar — 2 requests
   • Ana María  Piraján — 1 request
   • LAURENT ANDRES CORREDOR MONROY — 1 request
   • Juan David Rodriguez — 1 request
   • Nicolás  Castro  — 1 request
   • Laura Suarez — 1 request
   • Julián  Pacheco  — 1 request
   • Cristian Gomez — 1 request
   • Carlos  Godoy  — 1 request

============================================================
📋 SUMMARY
============================================================
   Total users:                        120
   New users (since January):          20
   Users with event participation:     79
   Users with payment requests:        78
============================================================